09:42:37 : Can not open serial port.
09:42:37 : 
09:45:31 : 

09:45:31 : Application started.
09:45:31 : ----------------------------------------------------------------------
09:45:31 : Serial port opened.
09:45:38 : S:>BB<
09:45:38 : R:>14<
09:45:39 : S:>BB<
09:45:39 : R:>14<
09:45:39 : S:>BB<
09:45:39 : R:>14<
09:45:39 : S:>BB<
09:45:39 : R:>14<
09:45:39 : S:>BB<
09:45:39 : R:>14<
09:45:39 : S:>BB<
09:45:39 : R:>14<
09:45:39 : S:>BB<
09:45:39 : R:>14<
09:45:39 : S:>BB<
09:45:39 : R:>14<
09:45:39 : S:>BB<
09:45:39 : R:>14<
09:45:39 : S:>BB<
09:45:39 : R:>14<
09:45:39 : S:>BB<
09:45:39 : R:>14<
09:45:39 : S:>BB<
09:45:39 : R:>14<
09:45:39 : S:>BB<
09:45:39 : R:>14<
09:45:39 : S:>BB<
09:45:39 : R:>14<
09:45:39 : S:>BB<
09:45:39 : R:>14<
09:50:40 : 

09:50:40 : Application started.
09:50:40 : ----------------------------------------------------------------------
09:50:40 : Serial port opened.
09:51:08 : S:>BB<
09:51:25 : R:>14<
09:55:18 : 

09:55:18 : Application started.
09:55:18 : ----------------------------------------------------------------------
09:55:18 : Serial port opened.
09:55:31 : S:>BB<
09:55:31 : R:>14<
09:55:35 : S:>BB<
09:55:35 : R:>14<
09:55:35 : S:>BB<
09:55:35 : R:>14<
09:55:35 : S:>BB<
09:55:35 : R:>14<
09:55:35 : S:>BB<
09:55:35 : R:>14<
09:55:35 : S:>BB<
09:55:35 : R:>14<
09:55:35 : S:>BB<
09:55:35 : R:>14<
09:55:36 : S:>BB<
09:55:36 : R:>14<
09:55:36 : S:>BB<
09:55:36 : R:>14<
09:55:36 : S:>BB<
09:55:36 : R:>14<
09:55:36 : S:>BB<
09:55:36 : R:>14<
09:55:36 : S:>BB<
09:55:36 : R:>14<
09:55:36 : S:>BB<
09:55:36 : R:>14<
09:55:37 : S:>BB<
09:55:37 : R:>14<
09:55:37 : S:>BB<
09:55:37 : R:>14<
09:55:37 : S:>BB<
09:55:37 : R:>14<
09:55:37 : S:>BB<
09:55:37 : R:>14<
09:55:37 : S:>BB<
09:55:37 : R:>14<
09:55:37 : S:>BB<
09:55:37 : R:>14<
09:55:38 : S:>BB<
09:55:38 : R:>14<
09:55:38 : S:>BB<
09:55:38 : R:>14<
09:55:38 : S:>BB<
09:55:38 : R:>14<
09:55:38 : S:>BB<
09:55:38 : R:>14<
09:55:38 : S:>BB<
09:55:38 : R:>14<
09:55:38 : S:>BB<
09:55:38 : R:>14<
09:55:38 : S:>BB<
09:55:38 : R:>14<
09:55:39 : S:>BB<
09:55:39 : R:>14<
09:55:39 : S:>BB<
09:55:39 : R:>14<
09:55:39 : S:>BB<
09:55:39 : R:>14<
09:55:39 : S:>BB<
09:55:39 : R:>14<
09:55:39 : S:>BB<
09:55:39 : R:>14<
09:55:39 : S:>BB<
09:55:39 : R:>14<
09:55:39 : S:>BB<
09:55:39 : R:>14<
09:55:40 : S:>BB<
09:55:40 : R:>14<
09:55:40 : S:>BB<
09:55:40 : R:>14<
09:55:40 : S:>BB<
09:55:40 : R:>14<
09:55:40 : S:>BB<
09:55:40 : R:>14<
09:55:40 : S:>BB<
09:55:40 : R:>14<
09:55:40 : S:>BB<
09:55:40 : R:>14<
09:55:40 : S:>BB<
09:55:40 : R:>14<
09:55:41 : S:>BB<
09:55:41 : R:>14<
09:55:41 : S:>BB<
09:55:41 : R:>14<
09:55:41 : S:>BB<
09:55:41 : R:>14<
09:55:41 : S:>BB<
09:55:41 : R:>14<
09:55:41 : S:>BB<
09:55:41 : R:>14<
09:55:41 : S:>BB<
09:55:41 : R:>14<
10:03:19 : 

10:03:19 : Application started.
10:03:19 : ----------------------------------------------------------------------
10:03:19 : Serial port opened.
10:04:17 : S:>BB<
10:04:17 : R:>14<
10:04:22 : S:>BB<
10:04:22 : R:>14<
10:04:23 : S:>BB<
10:04:23 : R:>14<
10:04:23 : S:>BB<
10:04:23 : R:>14<
10:04:23 : S:>BB<
10:04:23 : R:>14<
10:04:23 : S:>BB<
10:04:23 : R:>14<
10:04:23 : S:>BB<
10:04:23 : R:>14<
10:04:23 : S:>BB<
10:04:23 : R:>14<
10:04:23 : S:>BB<
10:04:23 : R:>14<
10:04:24 : S:>BB<
10:04:24 : R:>14<
10:04:24 : S:>BB<
10:04:24 : R:>14<
10:04:27 : 

10:04:27 : Application started.
10:04:27 : ----------------------------------------------------------------------
10:04:27 : Serial port opened.
10:04:34 : S:>BB<
10:04:34 : R:>14<
10:04:34 : S:>BB<
10:04:34 : R:>14<
10:04:35 : S:>BB<
10:04:35 : R:>14<
10:04:35 : S:>BB<
10:04:35 : R:>14<
10:04:35 : S:>BB<
10:04:35 : R:>14<
10:04:35 : S:>BB<
10:04:35 : R:>14<
10:04:35 : S:>BB<
10:04:35 : R:>14<
10:04:35 : S:>BB<
10:04:35 : R:>14<
10:04:35 : S:>BB<
10:04:35 : R:>14<
10:04:35 : S:>BB<
10:04:35 : R:>14<
10:04:36 : S:>BB<
10:04:36 : R:>14<
10:04:36 : S:>BB<
10:04:36 : R:>14<
10:04:36 : S:>BB<
10:04:36 : R:>14<
10:04:36 : S:>BB<
10:04:36 : R:>14<
10:04:36 : S:>BB<
10:04:36 : R:>14<
10:04:36 : S:>BB<
10:04:36 : R:>14<
10:04:36 : S:>BB<
10:04:37 : R:>14<
10:04:37 : S:>BB<
10:04:37 : R:>14<
10:04:37 : S:>BB<
10:04:37 : R:>14<
10:04:37 : S:>BB<
10:04:37 : R:>14<
10:04:37 : S:>BB<
10:04:37 : R:>14<
10:04:37 : S:>BB<
10:04:37 : R:>14<
10:04:37 : S:>BB<
10:04:37 : R:>14<
10:04:37 : S:>BB<
10:04:37 : R:>14<
10:04:38 : S:>BB<
10:04:38 : R:>14<
10:04:38 : S:>BB<
10:04:38 : R:>14<
10:04:38 : S:>BB<
10:04:38 : R:>14<
10:04:38 : S:>BB<
10:04:38 : R:>14<
10:04:38 : S:>BB<
10:04:38 : R:>14<
10:04:38 : S:>BB<
10:04:38 : R:>14<
10:04:38 : S:>BB<
10:04:38 : R:>14<
10:04:39 : S:>BB<
10:04:39 : R:>14<
10:04:39 : S:>BB<
10:04:39 : R:>14<
10:04:39 : S:>BB<
10:04:39 : R:>14<
10:04:39 : S:>BB<
10:04:39 : R:>14<
10:04:39 : S:>BB<
10:04:39 : R:>14<
10:04:39 : S:>BB<
10:04:39 : R:>14<
10:04:39 : S:>BB<
10:04:40 : R:>14<
10:04:40 : S:>BB<
10:04:40 : R:>14<
10:04:40 : S:>BB<
10:04:40 : R:>14<
10:04:40 : S:>BB<
10:04:40 : R:>14<
10:04:40 : S:>BB<
10:04:40 : R:>14<
10:04:40 : S:>BB<
10:04:40 : R:>14<
10:04:40 : S:>BB<
10:04:40 : R:>14<
10:04:41 : S:>BB<
10:04:41 : R:>14<
10:04:41 : S:>BB<
10:04:41 : R:>14<
10:04:41 : S:>BB<
10:04:41 : R:>14<
10:04:41 : S:>BB<
10:04:41 : R:>14<
10:04:41 : S:>BB<
10:04:41 : R:>14<
10:04:41 : S:>BB<
10:04:41 : R:>14<
10:04:41 : S:>BB<
10:04:41 : R:>14<
10:04:41 : S:>BB<
10:04:41 : R:>14<
10:04:42 : S:>BB<
10:04:42 : R:>14<
10:04:42 : S:>BB<
10:04:42 : R:>14<
10:04:42 : S:>BB<
10:04:42 : R:>14<
10:04:42 : S:>BB<
10:04:42 : R:>14<
10:04:42 : S:>BB<
10:04:42 : R:>14<
10:07:52 : 

10:07:52 : Application started.
10:07:52 : ----------------------------------------------------------------------
10:07:52 : Serial port opened.
10:08:00 : S:>BB<
10:08:00 : R:>14<
10:08:33 : 

10:08:34 : Application started.
10:08:34 : ----------------------------------------------------------------------
10:08:34 : Serial port opened.
10:08:43 : S:>BB<
10:08:43 : R:>14<
10:08:47 : S:
10:08:47 : R:>14<
10:08:49 : S:
10:10:11 : 

10:10:11 : Application started.
10:10:11 : ----------------------------------------------------------------------
10:10:11 : Serial port opened.
10:10:17 : S:>BB<
10:10:17 : R:>14<
10:11:36 : 

10:11:36 : Application started.
10:11:36 : ----------------------------------------------------------------------
10:11:36 : Serial port opened.
10:11:43 : S:>BB<
10:11:43 : R:>14<
10:37:12 : 

10:37:12 : Application started.
10:37:12 : ----------------------------------------------------------------------
10:37:12 : Serial port opened.
10:37:22 : S:>BB<
10:37:22 : R:>14<
10:38:18 : 

10:38:18 : Application started.
10:38:18 : ----------------------------------------------------------------------
10:38:18 : Serial port opened.
10:38:22 : S:>BB<
10:38:22 : R:>45<
10:40:32 : 

10:40:32 : Application started.
10:40:32 : ----------------------------------------------------------------------
10:40:33 : Serial port opened.
10:42:31 : S:>BB<
10:42:41 : R:>>BB<<

10:44:12 : 

10:44:12 : Application started.
10:44:12 : ----------------------------------------------------------------------
10:44:12 : Serial port opened.
10:44:16 : S:BB
10:44:16 : R:>45<
10:44:22 : S:BB
10:44:22 : R:>45<
10:44:29 : S:>BB<
10:44:29 : R:>45<
10:44:35 : S:AA
10:44:35 : R:>45<
10:44:44 : S:BB
10:44:44 : R:>45<
10:44:52 : S:>GG<
10:45:17 : S:>GG<
10:45:28 : 

10:45:28 : Application started.
10:45:28 : ----------------------------------------------------------------------
10:45:28 : Serial port opened.
10:45:33 : S:BB
10:45:33 : R:>45<
10:45:36 : S:AA
10:45:45 : R:>45<
10:45:55 : S:>BB<
10:45:55 : R:>45<
10:46:06 : S:>CC<
10:46:06 : R:>45<
10:46:12 : S:>CC<
10:46:18 : R:>45<
10:47:12 : 

10:47:12 : Application started.
10:47:12 : ----------------------------------------------------------------------
10:47:12 : Serial port opened.
10:47:18 : S:BB
10:47:18 : R:>45<
10:47:23 : S:CC
10:47:37 : R:>45<
10:48:33 : 

10:48:33 : Application started.
10:48:33 : ----------------------------------------------------------------------
10:48:33 : Serial port opened.
10:48:44 : S:ZZ
10:49:12 : S:ZZ
10:49:35 : R:>55<
10:49:47 : S:AYSE
10:51:01 : 

10:51:01 : Application started.
10:51:01 : ----------------------------------------------------------------------
10:51:01 : Serial port opened.
10:51:13 : S:>BB<
10:51:17 : R:>55<
10:51:56 : 

10:51:56 : Application started.
10:51:56 : ----------------------------------------------------------------------
10:51:56 : Serial port opened.
10:52:03 : S:>BB<
10:52:06 : R:>55<
10:52:34 : 

10:52:34 : Application started.
10:52:34 : ----------------------------------------------------------------------
10:52:34 : Serial port opened.
10:52:42 : S:>VV<
10:53:07 : S:>VV<
10:53:32 : S:>VV<
10:53:57 : S:>VV<
10:54:22 : S:>VV<
10:55:10 : 

10:55:10 : Application started.
10:55:10 : ----------------------------------------------------------------------
10:55:10 : Serial port opened.
10:55:16 : S:>CC<
10:55:34 : R:>55<
10:56:40 : 

10:56:40 : Application started.
10:56:40 : ----------------------------------------------------------------------
10:56:40 : Serial port opened.
10:56:49 : S:>CC<
11:05:03 : 

11:05:03 : Application started.
11:05:03 : ----------------------------------------------------------------------
11:05:03 : Serial port opened.
11:05:10 : S:>CC<
11:05:15 : R:>66<
11:05:21 : S:BB
11:05:21 : R:>66<
11:36:43 : 

11:36:43 : Application started.
11:36:43 : ----------------------------------------------------------------------
11:36:43 : Serial port opened.
11:36:51 : S:>BB<
11:36:51 : R:>66<
11:36:58 : S:>C<
11:36:58 : R:>65<
11:37:01 : S:vv
11:37:07 : R:>66<
11:39:29 : S:bb
11:39:32 : R:>65<
13:34:58 : 

13:34:58 : Application started.
13:34:58 : ----------------------------------------------------------------------
13:34:58 : Serial port opened.
13:35:05 : S:>BB<
13:35:05 : R:>66<
13:35:32 : 

13:35:32 : Application started.
13:35:32 : ----------------------------------------------------------------------
13:35:32 : Serial port opened.
13:35:38 : S:BB
13:35:38 : R:>83<
13:35:58 : S:BB
13:35:58 : R:>83<
13:36:05 : S:BB
13:36:06 : R:>83<
13:36:13 : S:ccc
13:48:35 : 

13:48:35 : Application started.
13:48:35 : ----------------------------------------------------------------------
13:48:35 : Serial port opened.
13:48:42 : S:vv
13:49:06 : R:>60<
13:49:13 : S:>BB<
13:49:13 : R:>60<
13:51:40 : 

13:51:40 : Application started.
13:51:40 : ----------------------------------------------------------------------
13:51:40 : Serial port opened.
13:51:45 : S:>BB<
13:51:46 : R:>60<
13:51:51 : S:>aa<
13:51:55 : R:>60<
13:51:59 : S:BB
13:52:04 : R:>60<
13:52:09 : 

13:52:09 : Application started.
13:52:09 : ----------------------------------------------------------------------
13:52:09 : Serial port opened.
