09:48:57 : Can not open serial port.
09:48:57 : 
09:57:02 : 

09:57:02 : Application started.
09:57:03 : ----------------------------------------------------------------------
09:57:03 : Serial port opened.
09:57:21 : Can not open serial port.
09:57:21 : 
09:57:23 : Can not open serial port.
09:57:23 : 
09:57:46 : 

09:57:46 : Application started.
09:57:46 : ----------------------------------------------------------------------
09:57:47 : Serial port opened.
09:58:15 : 

09:58:15 : Application started.
09:58:15 : ----------------------------------------------------------------------
09:58:15 : Serial port opened.
09:58:28 : 

09:58:28 : Application started.
09:58:28 : ----------------------------------------------------------------------
09:58:28 : Serial port opened.
09:58:38 : Can not open serial port.
09:58:38 : 
09:59:06 : 

09:59:06 : Application started.
09:59:06 : ----------------------------------------------------------------------
09:59:06 : Serial port opened.
09:59:27 : 

09:59:27 : Application started.
09:59:27 : ----------------------------------------------------------------------
09:59:27 : Serial port opened.
10:03:17 : 

10:03:17 : Application started.
10:03:17 : ----------------------------------------------------------------------
10:03:18 : Serial port opened.
10:05:49 : 

10:05:49 : Application started.
10:05:49 : ----------------------------------------------------------------------
10:05:49 : Serial port opened.
16:14:29 : 

16:14:29 : Application started.
16:14:29 : ----------------------------------------------------------------------
16:14:29 : Serial port opened.
16:14:51 : 

16:14:51 : Application started.
16:14:51 : ----------------------------------------------------------------------
16:14:51 : Serial port opened.
16:15:31 : 

16:15:31 : Application started.
16:15:31 : ----------------------------------------------------------------------
16:15:31 : Serial port opened.
16:17:09 : 

16:17:09 : Application started.
16:17:09 : ----------------------------------------------------------------------
16:17:10 : Serial port opened.
16:22:39 : 

16:22:39 : Application started.
16:22:39 : ----------------------------------------------------------------------
16:22:39 : Serial port opened.
