10:25:35 : 

10:25:35 : Application started.
10:25:36 : ----------------------------------------------------------------------
10:25:36 : Serial port opened.
11:02:36 : 

11:02:36 : Application started.
11:02:36 : ----------------------------------------------------------------------
11:02:36 : Serial port opened.
11:03:46 : 

11:03:46 : Application started.
11:03:46 : ----------------------------------------------------------------------
11:03:46 : Serial port opened.
11:04:21 : 

11:04:21 : Application started.
11:04:21 : ----------------------------------------------------------------------
11:04:21 : Serial port opened.
11:05:24 : 

11:05:24 : Application started.
11:05:24 : ----------------------------------------------------------------------
11:05:24 : Serial port opened.
11:06:37 : 

11:06:37 : Application started.
11:06:37 : ----------------------------------------------------------------------
11:06:37 : Serial port opened.
11:07:25 : 

11:07:25 : Application started.
11:07:25 : ----------------------------------------------------------------------
11:07:25 : Serial port opened.
11:08:07 : 

11:08:07 : Application started.
11:08:07 : ----------------------------------------------------------------------
11:08:07 : Serial port opened.
11:11:03 : 

11:11:03 : Application started.
11:11:03 : ----------------------------------------------------------------------
11:11:03 : Serial port opened.
11:12:32 : 

11:12:32 : Application started.
11:12:32 : ----------------------------------------------------------------------
11:12:32 : Serial port opened.
11:22:21 : 

11:22:21 : Application started.
11:22:21 : ----------------------------------------------------------------------
11:22:21 : Serial port opened.
11:23:24 : 

11:23:24 : Application started.
11:23:24 : ----------------------------------------------------------------------
11:23:24 : Serial port opened.
11:27:26 : 

11:27:26 : Application started.
11:27:26 : ----------------------------------------------------------------------
11:27:26 : Serial port opened.
11:35:29 : 

11:35:29 : Application started.
11:35:29 : ----------------------------------------------------------------------
11:35:29 : Serial port opened.
11:35:30 : S:>B<
11:38:46 : S:>B<
11:38:50 : R:>B<
11:38:50 : S:>B<
11:38:51 : R:>B<
11:38:51 : S:>B<
11:38:54 : R:>B<
11:38:54 : S:>B<
11:38:54 : R:>B<
11:38:54 : S:>B<
11:38:54 : R:>B<
11:38:54 : S:>B<
11:38:54 : R:>B<
11:38:54 : S:>B<
11:38:54 : R:>B<
11:38:54 : S:>B<
11:38:54 : R:>B<
11:38:54 : S:>B<
11:38:54 : R:>B<
11:38:54 : S:>B<
11:38:54 : R:>B<
11:38:54 : S:>B<
11:38:55 : R:>B<
11:38:55 : S:>B<
11:38:55 : R:>B<
11:38:55 : S:>B<
11:38:55 : R:>B<
11:38:55 : S:>B<
11:38:55 : R:>B<
11:38:55 : S:>B<
11:38:55 : R:>B<
11:38:55 : S:>B<
11:38:55 : R:>B<
11:38:55 : S:>B<
11:38:55 : R:>B<
11:38:55 : S:>B<
11:38:55 : R:>B<
11:38:55 : S:>B<
11:38:56 : R:>B<
11:38:56 : S:>B<
11:38:56 : R:>B<
11:38:56 : S:>B<
11:38:56 : R:>B<
11:38:56 : S:>B<
11:38:56 : R:>B<
11:38:56 : S:>B<
11:38:56 : R:>B<
11:38:56 : S:>B<
11:38:56 : R:>B<
11:38:56 : S:>B<
11:38:56 : R:>B<
11:38:56 : S:>B<
11:38:56 : R:>B<
11:38:56 : S:>B<
11:38:57 : R:>B<
11:38:57 : S:>B<
11:38:57 : R:>B<
11:38:57 : S:>B<
11:38:57 : R:>B<
11:38:57 : S:>B<
11:38:57 : R:>B<
11:38:57 : S:>B<
11:38:57 : R:>B<
11:38:57 : S:>B<
11:38:57 : R:>B<
11:38:57 : S:>B<
11:38:57 : R:>B<
11:38:57 : S:>B<
11:38:57 : R:>B<
11:38:58 : S:>B<
11:38:58 : R:>B<
11:38:58 : S:>B<
11:38:58 : R:>B<
11:38:58 : S:>B<
11:38:58 : R:>B<
11:38:58 : S:>B<
11:38:58 : R:>B<
11:38:58 : S:>B<
11:38:58 : R:>B<
11:38:58 : S:>B<
11:38:58 : R:>B<
11:38:58 : S:>B<
11:38:58 : R:>B<
11:38:58 : S:>B<
11:38:58 : R:>B<
11:38:59 : S:>B<
11:38:59 : R:>B<
11:38:59 : S:>B<
11:38:59 : R:>B<
11:38:59 : S:>B<
11:38:59 : R:>B<
11:38:59 : S:>B<
11:38:59 : R:>B<
11:38:59 : S:>B<
11:38:59 : R:>B<
11:38:59 : S:>B<
11:38:59 : R:>B<
11:38:59 : S:>B<
11:38:59 : R:>B<
11:38:59 : S:>B<
11:38:59 : R:>B<
11:39:00 : S:>B<
11:39:00 : R:>B<
11:39:00 : S:>B<
11:39:00 : R:>B<
11:39:00 : S:>B<
11:39:00 : R:>B<
11:39:00 : S:>B<
11:39:00 : R:>B<
11:39:00 : S:>B<
11:39:00 : R:>B<
11:39:00 : S:>B<
11:39:00 : R:>B<
11:39:00 : S:>B<
11:39:00 : R:>B<
11:39:00 : S:>B<
11:39:00 : R:>B<
11:39:01 : S:>B<
11:39:01 : R:>B<
11:39:01 : S:>B<
11:39:01 : R:>B<
11:39:01 : S:>B<
11:39:01 : R:>B<
11:39:01 : S:>B<
11:39:01 : R:>B<
11:39:01 : S:>B<
11:39:01 : R:>B<
11:39:01 : S:>B<
11:39:01 : R:>B<
11:39:01 : S:>B<
11:39:01 : R:>B<
11:39:01 : S:>B<
11:39:01 : R:>B<
11:39:02 : S:>B<
11:39:02 : R:>B<
11:39:02 : S:>B<
11:39:02 : R:>B<
11:39:02 : S:>B<
11:39:02 : R:>B<
11:39:02 : S:>B<
11:39:02 : R:>B<
11:39:02 : S:>B<
11:39:02 : R:>B<
11:39:02 : S:>B<
11:39:02 : R:>B<
11:39:02 : S:>B<
11:39:02 : R:>B<
11:39:02 : S:>B<
11:39:02 : R:>B<
11:39:03 : S:>B<
11:39:03 : R:>B<
11:39:03 : S:>B<
11:39:03 : R:>B<
11:39:03 : S:>B<
11:39:03 : R:>B<
11:39:03 : S:>B<
11:39:03 : R:>B<
11:39:03 : S:>B<
11:39:03 : R:>B<
11:39:03 : S:>B<
11:39:03 : R:>B<
11:39:03 : S:>B<
11:39:03 : R:>B<
11:39:03 : S:>B<
11:39:03 : R:>B<
11:39:04 : S:>B<
11:39:04 : R:>B<
11:39:04 : S:>B<
11:39:04 : R:>B<
11:39:04 : S:>B<
11:39:04 : R:>B<
11:39:04 : S:>B<
11:39:04 : R:>B<
11:39:04 : S:>B<
11:39:04 : R:>B<
11:39:04 : S:>B<
11:39:04 : R:>B<
11:39:04 : S:>B<
11:39:04 : R:>B<
11:39:04 : S:>B<
11:39:04 : R:>B<
11:39:05 : S:>B<
11:39:05 : R:>B<
11:39:05 : S:>B<
11:39:05 : R:>B<
11:39:05 : S:>B<
11:39:05 : R:>B<
11:39:05 : S:>B<
11:39:05 : R:>B<
11:39:05 : S:>B<
11:39:05 : R:>B<
11:39:05 : S:>B<
11:39:05 : R:>B<
11:39:05 : S:>B<
11:39:05 : R:>B<
11:39:05 : S:>B<
11:39:05 : R:>B<
11:39:06 : S:>B<
11:39:06 : R:>B<
11:39:06 : S:>B<
11:39:06 : R:>B<
11:39:06 : S:>B<
11:39:06 : R:>B<
11:39:06 : S:>B<
11:39:06 : R:>B<
11:39:06 : S:>B<
11:39:06 : R:>B<
11:39:06 : S:>B<
11:39:06 : R:>B<
11:39:06 : S:>B<
11:39:06 : R:>B<
11:39:06 : S:>B<
11:39:06 : R:>B<
11:39:07 : S:>B<
11:39:07 : R:>B<
11:39:07 : S:>B<
11:39:07 : R:>B<
11:39:07 : S:>B<
11:39:07 : R:>B<
11:39:07 : S:>B<
11:44:37 : 

11:44:37 : Application started.
11:44:37 : ----------------------------------------------------------------------
11:44:37 : Serial port opened.
11:45:15 : 

11:45:15 : Application started.
11:45:15 : ----------------------------------------------------------------------
11:45:16 : Serial port opened.
11:45:27 : 

11:45:27 : Application started.
11:45:27 : ----------------------------------------------------------------------
11:45:27 : Serial port opened.
11:47:08 : 

11:47:08 : Application started.
11:47:08 : ----------------------------------------------------------------------
11:47:08 : Serial port opened.
11:48:04 : 

11:48:04 : Application started.
11:48:04 : ----------------------------------------------------------------------
11:48:04 : Serial port opened.
11:48:45 : 

11:48:45 : Application started.
11:48:45 : ----------------------------------------------------------------------
11:48:45 : Serial port opened.
11:50:59 : 

11:50:59 : Application started.
11:50:59 : ----------------------------------------------------------------------
11:50:59 : Serial port opened.
11:51:36 : 

11:51:36 : Application started.
11:51:36 : ----------------------------------------------------------------------
11:51:36 : Serial port opened.
11:53:08 : 

11:53:09 : Application started.
11:53:09 : ----------------------------------------------------------------------
11:53:10 : Serial port opened.
11:56:17 : 

11:56:17 : Application started.
11:56:17 : ----------------------------------------------------------------------
11:56:17 : Serial port opened.
11:57:06 : 

11:57:06 : Application started.
11:57:07 : ----------------------------------------------------------------------
11:57:07 : Serial port opened.
12:01:52 : 

12:01:52 : Application started.
12:01:52 : ----------------------------------------------------------------------
12:01:52 : Serial port opened.
13:53:11 : 

13:53:11 : Application started.
13:53:11 : ----------------------------------------------------------------------
13:53:11 : Serial port opened.
13:59:15 : 

13:59:15 : Application started.
13:59:16 : ----------------------------------------------------------------------
13:59:16 : Serial port opened.
14:00:02 : 

14:00:02 : Application started.
14:00:02 : ----------------------------------------------------------------------
14:00:02 : Serial port opened.
14:00:49 : 

14:00:49 : Application started.
14:00:49 : ----------------------------------------------------------------------
14:00:49 : Serial port opened.
14:01:10 : 

14:01:10 : Application started.
14:01:10 : ----------------------------------------------------------------------
14:01:10 : Serial port opened.
14:01:47 : 

14:01:47 : Application started.
14:01:47 : ----------------------------------------------------------------------
14:01:47 : Serial port opened.
17:06:04 : 

17:06:04 : Application started.
17:06:04 : ----------------------------------------------------------------------
17:06:04 : Serial port opened.
17:06:41 : 

17:06:41 : Application started.
17:06:41 : ----------------------------------------------------------------------
17:06:41 : Serial port opened.
17:08:15 : 

17:08:15 : Application started.
17:08:15 : ----------------------------------------------------------------------
17:08:15 : Serial port opened.
17:08:42 : 

17:08:42 : Application started.
17:08:42 : ----------------------------------------------------------------------
17:08:42 : Serial port opened.
17:10:30 : 

17:10:30 : Application started.
17:10:30 : ----------------------------------------------------------------------
17:10:30 : Serial port opened.
17:11:46 : 

17:11:46 : Application started.
17:11:46 : ----------------------------------------------------------------------
17:11:46 : Serial port opened.
17:12:20 : 

17:12:20 : Application started.
17:12:20 : ----------------------------------------------------------------------
17:12:20 : Serial port opened.
17:13:06 : 

17:13:06 : Application started.
17:13:06 : ----------------------------------------------------------------------
17:13:06 : Serial port opened.
17:14:03 : 

17:14:03 : Application started.
17:14:03 : ----------------------------------------------------------------------
17:14:03 : Serial port opened.
17:16:57 : 

17:17:03 : Application started.
17:17:09 : ----------------------------------------------------------------------
17:17:14 : Serial port opened.
17:27:19 : 

17:27:19 : Application started.
17:27:19 : ----------------------------------------------------------------------
17:27:19 : Serial port opened.
17:27:45 : 

17:27:45 : Application started.
17:27:45 : ----------------------------------------------------------------------
17:27:45 : Serial port opened.
17:28:12 : 

17:28:12 : Application started.
17:28:12 : ----------------------------------------------------------------------
17:28:12 : Serial port opened.
17:28:44 : 

17:28:44 : Application started.
17:28:44 : ----------------------------------------------------------------------
17:28:44 : Serial port opened.
17:39:17 : 

17:39:17 : Application started.
17:39:17 : ----------------------------------------------------------------------
17:39:17 : Serial port opened.
17:41:02 : 

17:41:02 : Application started.
17:41:02 : ----------------------------------------------------------------------
17:41:02 : Serial port opened.
17:50:32 : 

17:50:32 : Application started.
17:50:32 : ----------------------------------------------------------------------
17:50:32 : Serial port opened.
17:50:45 : S:>B<
17:52:10 : S:>B<
17:52:43 : 

17:52:43 : Application started.
17:52:43 : ----------------------------------------------------------------------
17:52:43 : Serial port opened.
17:52:57 : 

17:52:57 : Application started.
17:52:57 : ----------------------------------------------------------------------
17:52:57 : Serial port opened.
17:53:26 : S:>B<
17:53:55 : S:>B<
17:54:20 : 

17:54:20 : Application started.
17:54:20 : ----------------------------------------------------------------------
17:54:20 : Serial port opened.
17:54:51 : S:>B<
17:55:25 : S:>B<
18:01:05 : 

18:01:05 : Application started.
18:01:05 : ----------------------------------------------------------------------
18:01:05 : Serial port opened.
18:01:40 : S:>B<
18:03:00 : S:>B<
18:03:40 : S:>B<
18:04:20 : 

18:04:25 : Application started.
18:04:29 : ----------------------------------------------------------------------
18:04:34 : Serial port opened.
18:05:17 : S:>B<
18:05:59 : S:>B<
18:07:49 : 

18:07:49 : Application started.
18:07:49 : ----------------------------------------------------------------------
18:07:49 : Serial port opened.
18:08:19 : S:>B<
18:09:24 : 

18:09:24 : Application started.
18:09:24 : ----------------------------------------------------------------------
18:09:24 : Serial port opened.
18:10:29 : 

18:10:29 : Application started.
18:10:29 : ----------------------------------------------------------------------
18:10:29 : Serial port opened.
18:10:56 : S:>BB<
18:10:58 : R:>BB<

18:10:58 : S:>BB<
18:11:04 : R:>45<
18:11:04 : S:>BB<
18:11:08 : R:>45<
18:11:08 : S:>BB<
18:11:11 : R:>45<
18:11:11 : S:>BB<
18:11:11 : R:>45<
18:11:11 : S:>BB<
18:11:11 : R:>45<
18:11:11 : S:>BB<
18:11:11 : R:>45<
18:11:11 : S:>BB<
18:11:11 : R:>45<
18:11:11 : S:>BB<
18:11:11 : R:>45<
18:11:11 : S:>BB<
18:11:11 : R:>45<
18:11:11 : S:>BB<
18:11:11 : R:>45<
18:11:11 : S:>BB<
18:11:11 : R:>45<
18:11:11 : S:>BB<
18:11:11 : R:>45<
18:11:11 : S:>BB<
18:11:11 : R:>45<
18:11:11 : S:>BB<
18:11:11 : R:>45<
18:11:11 : S:>BB<
18:11:11 : R:>45<
18:11:11 : S:>BB<
18:11:11 : R:>45<
18:11:11 : S:>BB<
18:11:11 : R:>45<
18:11:11 : S:>BB<
18:11:11 : R:>45<
18:11:11 : S:>BB<
18:11:11 : R:>45<
18:11:12 : S:>BB<
18:11:12 : R:>45<
18:11:12 : S:>BB<
18:11:12 : R:>45<
18:11:12 : S:>BB<
18:11:12 : R:>45<
18:11:12 : S:>BB<
18:11:12 : R:>45<
18:11:12 : S:>BB<
18:11:12 : R:>45<
18:11:12 : S:>BB<
18:11:12 : R:>45<
18:11:12 : S:>BB<
18:11:12 : R:>45<
18:11:12 : S:>BB<
18:11:12 : R:>45<
18:11:12 : S:>BB<
18:11:12 : R:>45<
18:11:12 : S:>BB<
18:11:12 : R:>45<
18:11:12 : S:>BB<
18:11:12 : R:>45<
18:11:12 : S:>BB<
18:11:12 : R:>45<
18:11:12 : S:>BB<
18:11:12 : R:>45<
18:11:12 : S:>BB<
18:11:12 : R:>45<
18:11:12 : S:>BB<
18:11:12 : R:>45<
18:11:13 : S:>BB<
18:11:13 : R:>45<
18:11:13 : S:>BB<
18:11:13 : R:>45<
18:11:13 : S:>BB<
18:11:13 : R:>45<
18:11:13 : S:>BB<
18:11:13 : R:>45<
18:11:13 : S:>BB<
18:11:13 : R:>45<
18:11:13 : S:>BB<
18:11:13 : R:>45<
18:11:13 : S:>BB<
18:11:13 : R:>45<
18:11:13 : S:>BB<
18:11:13 : R:>45<
18:11:13 : S:>BB<
18:11:13 : R:>45<
18:11:13 : S:>BB<
18:11:13 : R:>45<
18:11:13 : S:>BB<
18:11:13 : R:>45<
18:11:13 : S:>BB<
18:11:13 : R:>45<
18:11:13 : S:>BB<
18:11:13 : R:>45<
18:11:13 : S:>BB<
18:11:13 : R:>45<
18:11:13 : S:>BB<
18:11:13 : R:>45<
18:11:13 : S:>BB<
18:11:13 : R:>45<
18:11:14 : S:>BB<
18:11:14 : R:>45<
18:11:14 : S:>BB<
18:11:14 : R:>45<
18:11:14 : S:>BB<
18:11:14 : R:>45<
18:11:14 : S:>BB<
18:11:14 : R:>45<
18:11:14 : S:>BB<
18:11:14 : R:>45<
18:11:14 : S:>BB<
18:11:14 : R:>45<
18:11:14 : S:>BB<
18:11:14 : R:>45<
18:11:14 : S:>BB<
18:11:14 : R:>45<
18:11:14 : S:>BB<
18:11:14 : R:>45<
18:11:14 : S:>BB<
18:11:14 : R:>45<
18:11:14 : S:>BB<
18:11:14 : R:>45<
18:11:14 : S:>BB<
18:11:14 : R:>45<
18:11:14 : S:>BB<
18:11:14 : R:>45<
18:11:14 : S:>BB<
18:11:14 : R:>45<
18:11:14 : S:>BB<
18:11:14 : R:>45<
18:11:14 : S:>BB<
18:11:14 : R:>45<
18:11:15 : S:>BB<
18:11:15 : R:>45<
18:11:15 : S:>BB<
18:11:15 : R:>45<
18:11:15 : S:>BB<
18:11:15 : R:>45<
18:11:15 : S:>BB<
18:11:15 : R:>45<
18:11:15 : S:>BB<
18:11:15 : R:>45<
18:11:15 : S:>BB<
18:11:15 : R:>45<
18:11:15 : S:>BB<
18:11:15 : R:>45<
18:11:15 : S:>BB<
18:11:15 : R:>45<
18:11:15 : S:>BB<
18:11:15 : R:>45<
18:11:15 : S:>BB<
18:11:15 : R:>45<
18:11:15 : S:>BB<
18:11:15 : R:>45<
18:11:15 : S:>BB<
18:11:15 : R:>45<
18:11:15 : S:>BB<
18:11:15 : R:>45<
18:11:15 : S:>BB<
18:11:15 : R:>45<
18:11:15 : S:>BB<
18:11:15 : R:>45<
18:11:15 : S:>BB<
18:11:15 : R:>45<
18:11:16 : S:>BB<
18:11:16 : R:>45<
18:11:16 : S:>BB<
18:11:16 : R:>45<
18:11:16 : S:>BB<
18:11:16 : R:>45<
18:11:16 : S:>BB<
18:11:16 : R:>45<
18:11:16 : S:>BB<
18:11:16 : R:>45<
18:11:16 : S:>BB<
18:11:16 : R:>45<
18:11:16 : S:>BB<
18:11:16 : R:>45<
18:11:16 : S:>BB<
18:11:16 : R:>45<
18:11:16 : S:>BB<
18:11:16 : R:>45<
18:11:16 : S:>BB<
18:11:16 : R:>45<
18:11:16 : S:>BB<
18:11:16 : R:>45<
18:11:16 : S:>BB<
18:11:16 : R:>45<
18:11:16 : S:>BB<
18:11:16 : R:>45<
18:11:16 : S:>BB<
18:11:16 : R:>45<
18:11:16 : S:>BB<
18:11:16 : R:>45<
18:11:17 : S:>BB<
18:11:17 : R:>45<
18:11:17 : S:>BB<
18:11:17 : R:>45<
18:11:17 : S:>BB<
18:11:17 : R:>45<
18:11:17 : S:>BB<
18:11:17 : R:>45<
18:11:17 : S:>BB<
18:11:17 : R:>45<
18:11:17 : S:>BB<
18:11:17 : R:>45<
18:11:17 : S:>BB<
18:11:17 : R:>45<
18:11:17 : S:>BB<
18:11:17 : R:>45<
18:11:17 : S:>BB<
18:11:17 : R:>45<
18:11:17 : S:>BB<
18:11:17 : R:>45<
18:11:17 : S:>BB<
18:11:17 : R:>45<
18:11:17 : S:>BB<
18:11:17 : R:>45<
18:11:17 : S:>BB<
18:11:17 : R:>45<
18:11:17 : S:>BB<
18:11:17 : R:>45<
18:11:17 : S:>BB<
18:11:17 : R:>45<
18:11:17 : S:>BB<
18:11:17 : R:>45<
18:11:17 : S:>BB<
18:11:17 : R:>45<
18:11:18 : S:>BB<
18:11:18 : R:>45<
18:11:18 : S:>BB<
18:11:18 : R:>45<
18:11:18 : S:>BB<
18:11:18 : R:>45<
18:11:18 : S:>BB<
18:11:18 : R:>45<
18:11:18 : S:>BB<
18:11:18 : R:>45<
18:11:18 : S:>BB<
18:11:18 : R:>45<
18:11:18 : S:>BB<
18:11:18 : R:>45<
18:11:18 : S:>BB<
18:11:18 : R:>45<
18:11:18 : S:>BB<
18:11:18 : R:>45<
18:11:18 : S:>BB<
18:11:18 : R:>45<
18:11:18 : S:>BB<
18:11:18 : R:>45<
18:11:18 : S:>BB<
18:11:18 : R:>45<
18:11:18 : S:>BB<
18:11:18 : R:>45<
18:11:18 : S:>BB<
18:11:18 : R:>45<
18:11:18 : S:>BB<
18:11:18 : R:>45<
18:11:18 : S:>BB<
18:11:18 : R:>45<
18:11:19 : S:>BB<
18:11:19 : R:>45<
18:11:19 : S:>BB<
18:11:19 : R:>45<
18:11:19 : S:>BB<
18:11:19 : R:>45<
18:11:19 : S:>BB<
18:11:19 : R:>45<
18:11:19 : S:>BB<
18:11:19 : R:>45<
18:11:19 : S:>BB<
18:11:19 : R:>45<
18:11:19 : S:>BB<
18:11:19 : R:>45<
18:11:19 : S:>BB<
18:11:19 : R:>45<
18:11:19 : S:>BB<
18:11:19 : R:>45<
18:11:19 : S:>BB<
18:11:19 : R:>45<
18:11:19 : S:>BB<
18:11:19 : R:>45<
18:11:19 : S:>BB<
18:11:19 : R:>45<
18:11:19 : S:>BB<
18:11:19 : R:>45<
18:11:19 : S:>BB<
18:11:19 : R:>45<
18:11:19 : S:>BB<
18:11:19 : R:>45<
18:11:19 : S:>BB<
18:11:19 : R:>45<
18:11:20 : S:>BB<
18:11:20 : R:>45<
18:11:20 : S:>BB<
18:11:20 : R:>45<
18:11:20 : S:>BB<
18:11:20 : R:>45<
18:11:20 : S:>BB<
18:11:20 : R:>45<
18:11:20 : S:>BB<
18:11:20 : R:>45<
18:11:20 : S:>BB<
18:11:20 : R:>45<
18:11:20 : S:>BB<
18:11:20 : R:>45<
18:11:20 : S:>BB<
18:11:20 : R:>45<
18:11:20 : S:>BB<
18:11:20 : R:>45<
18:11:20 : S:>BB<
18:11:20 : R:>45<
18:11:20 : S:>BB<
18:11:20 : R:>45<
18:11:20 : S:>BB<
18:11:20 : R:>45<
18:11:20 : S:>BB<
18:11:20 : R:>45<
18:11:20 : S:>BB<
18:11:20 : R:>45<
18:11:20 : S:>BB<
18:11:20 : R:>45<
18:11:20 : S:>BB<
18:11:21 : R:>45<
18:11:21 : S:>BB<
18:11:21 : R:>45<
18:11:21 : S:>BB<
18:11:21 : R:>45<
18:11:21 : S:>BB<
18:11:21 : R:>45<
18:11:21 : S:>BB<
18:11:21 : R:>45<
18:11:21 : S:>BB<
18:11:21 : R:>45<
18:11:21 : S:>BB<
18:11:21 : R:>45<
18:11:21 : S:>BB<
18:11:21 : R:>45<
18:11:21 : S:>BB<
18:11:21 : R:>45<
18:11:21 : S:>BB<
18:11:21 : R:>45<
18:11:21 : S:>BB<
18:11:21 : R:>45<
18:11:21 : S:>BB<
18:11:21 : R:>45<
18:11:21 : S:>BB<
18:11:21 : R:>45<
18:11:21 : S:>BB<
18:11:21 : R:>45<
18:11:21 : S:>BB<
18:11:21 : R:>45<
18:11:21 : S:>BB<
18:11:21 : R:>45<
18:11:21 : S:>BB<
18:11:22 : R:>45<
18:11:22 : S:>BB<
18:11:22 : R:>45<
18:11:22 : S:>BB<
18:11:22 : R:>45<
18:11:22 : S:>BB<
18:11:22 : R:>45<
18:11:22 : S:>BB<
18:11:22 : R:>45<
18:11:22 : S:>BB<
18:11:22 : R:>45<
18:11:22 : S:>BB<
18:11:22 : R:>45<
18:11:22 : S:>BB<
18:11:22 : R:>45<
18:11:22 : S:>BB<
18:11:22 : R:>45<
18:11:22 : S:>BB<
18:11:22 : R:>45<
18:11:22 : S:>BB<
18:11:22 : R:>45<
18:11:22 : S:>BB<
18:11:22 : R:>45<
18:11:22 : S:>BB<
18:11:22 : R:>45<
18:11:22 : S:>BB<
18:11:22 : R:>45<
18:11:22 : S:>BB<
18:11:22 : R:>45<
18:11:22 : S:>BB<
18:11:22 : R:>45<
18:11:22 : S:>BB<
18:11:22 : R:>45<
18:11:23 : S:>BB<
18:11:23 : R:>45<
18:11:23 : S:>BB<
18:11:23 : R:>45<
18:11:23 : S:>BB<
18:11:23 : R:>45<
18:11:23 : S:>BB<
18:11:23 : R:>45<
18:11:23 : S:>BB<
18:11:23 : R:>45<
18:11:23 : S:>BB<
18:11:23 : R:>45<
18:11:23 : S:>BB<
18:11:23 : R:>45<
18:11:23 : S:>BB<
18:11:23 : R:>45<
18:11:23 : S:>BB<
18:11:23 : R:>45<
18:11:23 : S:>BB<
18:11:23 : R:>45<
18:11:23 : S:>BB<
18:11:23 : R:>45<
18:11:23 : S:>BB<
18:11:23 : R:>45<
18:11:23 : S:>BB<
18:11:23 : R:>45<
18:11:23 : S:>BB<
18:11:23 : R:>45<
18:11:23 : S:>BB<
18:11:23 : R:>45<
18:11:23 : S:>BB<
18:11:23 : R:>45<
18:11:24 : S:>BB<
18:11:24 : R:>45<
18:11:24 : S:>BB<
18:11:24 : R:>45<
18:11:24 : S:>BB<
18:11:24 : R:>45<
18:11:24 : S:>BB<
18:11:24 : R:>45<
18:11:24 : S:>BB<
18:11:24 : R:>45<
18:11:24 : S:>BB<
18:11:24 : R:>45<
18:11:24 : S:>BB<
18:11:24 : R:>45<
18:11:24 : S:>BB<
18:11:24 : R:>45<
18:11:24 : S:>BB<
18:11:24 : R:>45<
18:11:24 : S:>BB<
18:11:24 : R:>45<
18:11:24 : S:>BB<
18:11:24 : R:>45<
18:11:24 : S:>BB<
18:11:24 : R:>45<
18:11:24 : S:>BB<
18:11:24 : R:>45<
18:11:24 : S:>BB<
18:11:24 : R:>45<
18:11:24 : S:>BB<
18:11:24 : R:>45<
18:11:24 : S:>BB<
18:11:25 : R:>45<
18:11:25 : S:>BB<
18:11:25 : R:>45<
18:11:25 : S:>BB<
18:11:25 : R:>45<
18:11:25 : S:>BB<
18:11:25 : R:>45<
18:11:25 : S:>BB<
18:11:25 : R:>45<
18:11:25 : S:>BB<
18:11:25 : R:>45<
18:11:25 : S:>BB<
18:11:25 : R:>45<
18:11:25 : S:>BB<
18:11:25 : R:>45<
18:11:25 : S:>BB<
18:11:25 : R:>45<
18:11:25 : S:>BB<
18:11:25 : R:>45<
18:11:25 : S:>BB<
18:11:25 : R:>45<
18:11:25 : S:>BB<
18:11:25 : R:>45<
18:11:25 : S:>BB<
18:11:25 : R:>45<
18:11:25 : S:>BB<
18:11:25 : R:>45<
18:11:25 : S:>BB<
18:11:25 : R:>45<
18:11:25 : S:>BB<
18:11:25 : R:>45<
18:11:25 : S:>BB<
18:11:26 : R:>45<
18:11:26 : S:>BB<
18:11:26 : R:>45<
18:11:26 : S:>BB<
18:11:26 : R:>45<
18:11:26 : S:>BB<
18:11:26 : R:>45<
18:11:26 : S:>BB<
18:11:26 : R:>45<
18:11:26 : S:>BB<
18:11:26 : R:>45<
18:11:26 : S:>BB<
18:11:26 : R:>45<
18:11:26 : S:>BB<
18:11:26 : R:>45<
18:11:26 : S:>BB<
18:11:26 : R:>45<
18:11:26 : S:>BB<
18:11:26 : R:>45<
18:11:26 : S:>BB<
18:11:26 : R:>45<
18:11:26 : S:>BB<
18:11:26 : R:>45<
18:11:26 : S:>BB<
18:11:26 : R:>45<
18:11:26 : S:>BB<
18:11:26 : R:>45<
18:11:26 : S:>BB<
18:11:26 : R:>45<
18:11:26 : S:>BB<
18:11:26 : R:>45<
18:11:26 : S:>BB<
18:11:27 : R:>45<
18:11:27 : S:>BB<
18:11:27 : R:>45<
18:11:27 : S:>BB<
18:11:27 : R:>45<
18:11:27 : S:>BB<
18:11:27 : R:>45<
18:11:27 : S:>BB<
18:11:27 : R:>45<
18:11:27 : S:>BB<
18:11:27 : R:>45<
18:11:27 : S:>BB<
18:11:27 : R:>45<
18:11:27 : S:>BB<
18:11:27 : R:>45<
18:11:27 : S:>BB<
18:11:27 : R:>45<
18:11:27 : S:>BB<
18:11:27 : R:>45<
18:11:27 : S:>BB<
18:11:27 : R:>45<
18:11:27 : S:>BB<
18:11:27 : R:>45<
18:11:27 : S:>BB<
18:11:27 : R:>45<
18:11:27 : S:>BB<
18:11:27 : R:>45<
18:11:27 : S:>BB<
18:11:27 : R:>45<
18:11:27 : S:>BB<
18:11:27 : R:>45<
18:11:27 : S:>BB<
18:11:28 : R:>45<
18:11:28 : S:>BB<
18:11:28 : R:>45<
18:11:28 : S:>BB<
18:11:28 : R:>45<
18:11:28 : S:>BB<
18:11:28 : R:>45<
18:11:28 : S:>BB<
18:11:28 : R:>45<
18:11:28 : S:>BB<
18:11:28 : R:>45<
18:11:28 : S:>BB<
18:11:28 : R:>45<
18:11:28 : S:>BB<
18:11:28 : R:>45<
18:11:28 : S:>BB<
18:11:28 : R:>45<
18:11:28 : S:>BB<
18:11:28 : R:>45<
18:11:28 : S:>BB<
18:11:28 : R:>45<
18:11:28 : S:>BB<
18:11:28 : R:>45<
18:11:28 : S:>BB<
18:11:28 : R:>45<
18:11:28 : S:>BB<
18:11:28 : R:>45<
18:11:28 : S:>BB<
18:11:28 : R:>45<
18:11:28 : S:>BB<
18:11:28 : R:>45<
18:11:28 : S:>BB<
18:11:28 : R:>45<
18:11:29 : S:>BB<
18:11:29 : R:>45<
18:11:29 : S:>BB<
18:11:29 : R:>45<
18:11:29 : S:>BB<
18:11:29 : R:>45<
18:11:29 : S:>BB<
18:11:29 : R:>45<
18:11:29 : S:>BB<
18:11:29 : R:>45<
18:11:29 : S:>BB<
18:11:29 : R:>45<
18:11:29 : S:>BB<
18:11:29 : R:>45<
18:11:29 : S:>BB<
18:11:29 : R:>45<
18:11:29 : S:>BB<
18:11:29 : R:>45<
18:11:29 : S:>BB<
18:11:29 : R:>45<
18:11:29 : S:>BB<
18:11:29 : R:>45<
18:11:29 : S:>BB<
18:11:29 : R:>45<
18:11:29 : S:>BB<
18:11:29 : R:>45<
18:11:29 : S:>BB<
18:11:29 : R:>45<
18:11:29 : S:>BB<
18:11:29 : R:>45<
18:11:29 : S:>BB<
18:11:29 : R:>45<
18:11:30 : S:>BB<
18:11:30 : R:>45<
18:11:30 : S:>BB<
18:11:30 : R:>45<
18:11:30 : S:>BB<
18:11:30 : R:>45<
18:11:30 : S:>BB<
18:11:30 : R:>45<
18:11:30 : S:>BB<
18:11:30 : R:>45<
18:11:30 : S:>BB<
18:11:30 : R:>45<
18:11:30 : S:>BB<
18:11:30 : R:>45<
18:11:30 : S:>BB<
18:11:30 : R:>45<
18:11:30 : S:>BB<
18:11:30 : R:>45<
18:11:30 : S:>BB<
18:11:30 : R:>45<
18:11:30 : S:>BB<
18:11:30 : R:>45<
18:11:30 : S:>BB<
18:11:30 : R:>45<
18:11:30 : S:>BB<
18:11:30 : R:>45<
18:11:30 : S:>BB<
18:11:30 : R:>45<
18:11:30 : S:>BB<
18:11:30 : R:>45<
18:11:30 : S:>BB<
18:11:30 : R:>45<
18:11:31 : S:>BB<
18:11:31 : R:>45<
18:11:31 : S:>BB<
18:11:31 : R:>45<
18:11:31 : S:>BB<
18:11:31 : R:>45<
18:11:31 : S:>BB<
18:11:31 : R:>45<
18:11:31 : S:>BB<
18:11:31 : R:>45<
18:11:31 : S:>BB<
18:11:31 : R:>45<
18:11:31 : S:>BB<
18:11:31 : R:>45<
18:11:31 : S:>BB<
18:11:31 : R:>45<
18:11:31 : S:>BB<
18:11:31 : R:>45<
18:11:31 : S:>BB<
18:11:31 : R:>45<
18:11:31 : S:>BB<
18:11:31 : R:>45<
18:11:31 : S:>BB<
18:11:31 : R:>45<
18:11:31 : S:>BB<
18:11:31 : R:>45<
18:11:31 : S:>BB<
18:11:31 : R:>45<
18:11:31 : S:>BB<
18:11:31 : R:>45<
18:11:31 : S:>BB<
18:11:31 : R:>45<
18:11:32 : S:>BB<
18:11:32 : R:>45<
18:11:32 : S:>BB<
18:11:32 : R:>45<
18:11:32 : S:>BB<
18:11:32 : R:>45<
18:11:32 : S:>BB<
18:11:32 : R:>45<
18:11:32 : S:>BB<
18:11:32 : R:>45<
18:11:32 : S:>BB<
18:11:32 : R:>45<
18:11:32 : S:>BB<
18:11:32 : R:>45<
18:11:32 : S:>BB<
18:11:32 : R:>45<
18:11:32 : S:>BB<
18:11:32 : R:>45<
18:11:32 : S:>BB<
18:11:32 : R:>45<
18:11:32 : S:>BB<
18:11:32 : R:>45<
18:11:32 : S:>BB<
18:11:32 : R:>45<
18:11:32 : S:>BB<
18:11:32 : R:>45<
18:11:32 : S:>BB<
18:11:32 : R:>45<
18:11:32 : S:>BB<
18:11:32 : R:>45<
18:11:32 : S:>BB<
18:11:32 : R:>45<
18:11:33 : S:>BB<
18:11:33 : R:>45<
18:11:33 : S:>BB<
18:11:33 : R:>45<
18:11:33 : S:>BB<
18:11:33 : R:>45<
18:11:33 : S:>BB<
18:11:33 : R:>45<
18:11:33 : S:>BB<
18:11:33 : R:>45<
18:11:33 : S:>BB<
18:11:33 : R:>45<
18:11:46 : 

18:11:46 : Application started.
18:11:46 : ----------------------------------------------------------------------
18:11:46 : Serial port opened.
18:11:54 : S:>BB<
18:11:54 : R:>45<
18:11:54 : S:>BB<
18:11:54 : R:>45<
18:11:54 : S:>BB<
18:11:54 : R:>45<
18:11:54 : S:>BB<
18:11:54 : R:>45<
18:11:55 : S:>BB<
18:11:55 : R:>45<
18:11:55 : S:>BB<
18:11:55 : R:>45<
18:11:55 : S:>BB<
18:11:55 : R:>45<
18:11:55 : S:>BB<
18:11:55 : R:>45<
18:11:55 : S:>BB<
18:11:55 : R:>45<
18:11:55 : S:>BB<
18:11:55 : R:>45<
18:11:55 : S:>BB<
18:11:55 : R:>45<
18:11:55 : S:>BB<
18:11:55 : R:>45<
18:11:55 : S:>BB<
18:11:55 : R:>45<
18:11:55 : S:>BB<
18:11:55 : R:>45<
18:11:55 : S:>BB<
18:11:55 : R:>45<
18:11:55 : S:>BB<
18:11:55 : R:>45<
18:11:55 : S:>BB<
18:11:55 : R:>45<
18:11:55 : S:>BB<
18:11:55 : R:>45<
18:11:55 : S:>BB<
18:11:55 : R:>45<
18:11:55 : S:>BB<
18:11:55 : R:>45<
18:12:11 : 

18:12:11 : Application started.
18:12:11 : ----------------------------------------------------------------------
18:12:11 : Serial port opened.
18:12:17 : S:>BB<
18:12:17 : R:>45<
18:12:17 : S:>BB<
18:12:17 : R:>45<
18:12:17 : S:>BB<
18:12:17 : R:>45<
18:12:18 : S:>BB<
18:12:18 : R:>45<
18:12:18 : S:>BB<
18:12:18 : R:>45<
18:12:18 : S:>BB<
18:12:18 : R:>45<
18:12:18 : S:>BB<
18:12:18 : R:>45<
18:12:18 : S:>BB<
18:12:18 : R:>45<
18:12:18 : S:>BB<
18:12:18 : R:>45<
18:12:18 : S:>BB<
18:12:18 : R:>45<
18:12:18 : S:>BB<
18:12:18 : R:>45<
18:12:18 : S:>BB<
18:12:18 : R:>45<
18:12:18 : S:>BB<
18:12:18 : R:>45<
18:12:18 : S:>BB<
18:12:18 : R:>45<
18:12:18 : S:>BB<
18:12:18 : R:>45<
18:12:18 : S:>BB<
18:12:18 : R:>45<
18:12:18 : S:>BB<
18:12:18 : R:>45<
18:12:18 : S:>BB<
18:12:18 : R:>45<
18:12:18 : S:>BB<
18:12:19 : R:>45<
18:12:19 : S:>BB<
18:12:19 : R:>45<
18:12:19 : S:>BB<
18:12:19 : R:>45<
18:12:19 : S:>BB<
18:12:19 : R:>45<
18:12:19 : S:>BB<
18:12:19 : R:>45<
18:12:19 : S:>BB<
18:12:19 : R:>45<
18:12:19 : S:>BB<
18:12:19 : R:>45<
18:12:19 : S:>BB<
18:12:19 : R:>45<
18:12:19 : S:>BB<
18:12:19 : R:>45<
18:12:19 : S:>BB<
18:12:19 : R:>45<
18:12:19 : S:>BB<
18:12:19 : R:>45<
18:12:19 : S:>BB<
18:12:19 : R:>45<
18:12:19 : S:>BB<
18:12:19 : R:>45<
18:12:19 : S:>BB<
18:12:19 : R:>45<
18:12:19 : S:>BB<
18:12:19 : R:>45<
18:12:19 : S:>BB<
18:12:19 : R:>45<
18:12:19 : S:>BB<
18:12:19 : R:>45<
18:12:20 : S:>BB<
18:12:20 : R:>45<
18:12:20 : S:>BB<
18:12:20 : R:>45<
18:12:20 : S:>BB<
18:12:20 : R:>45<
18:12:20 : S:>BB<
18:12:20 : R:>45<
18:12:20 : S:>BB<
18:12:20 : R:>45<
18:12:20 : S:>BB<
18:12:20 : R:>45<
18:12:20 : S:>BB<
18:12:20 : R:>45<
18:12:20 : S:>BB<
18:12:20 : R:>45<
18:12:20 : S:>BB<
18:12:20 : R:>45<
18:12:20 : S:>BB<
18:12:20 : R:>45<
18:12:20 : S:>BB<
18:12:20 : R:>45<
18:12:20 : S:>BB<
18:12:20 : R:>45<
18:12:20 : S:>BB<
18:12:20 : R:>45<
18:12:20 : S:>BB<
18:12:20 : R:>45<
18:12:20 : S:>BB<
18:12:20 : R:>45<
18:12:20 : S:>BB<
18:12:21 : R:>45<
18:12:21 : S:>BB<
18:12:21 : R:>45<
18:12:21 : S:>BB<
18:12:21 : R:>45<
18:12:21 : S:>BB<
18:12:21 : R:>45<
18:12:21 : S:>BB<
18:12:21 : R:>45<
18:12:21 : S:>BB<
18:12:21 : R:>45<
18:12:21 : S:>BB<
18:12:21 : R:>45<
18:12:21 : S:>BB<
18:12:21 : R:>45<
18:12:21 : S:>BB<
18:12:21 : R:>45<
18:12:21 : S:>A<
18:12:21 : R:>45<
18:12:21 : S:>A<
18:12:29 : R:>45<
18:12:29 : S:>BB<
18:12:29 : R:>45<
18:12:29 : S:>BB<
18:12:29 : R:>45<
18:12:30 : S:>BB<
18:12:30 : R:>45<
18:12:30 : S:>BB<
18:12:30 : R:>45<
18:12:30 : S:>BB<
18:12:30 : R:>45<
18:12:30 : S:>BB<
18:12:30 : R:>45<
18:12:30 : S:>BB<
18:12:30 : R:>45<
18:12:30 : S:>BB<
18:12:30 : R:>45<
18:12:30 : S:>BB<
18:12:30 : R:>45<
18:12:30 : S:>BB<
18:12:30 : R:>45<
18:12:31 : S:>BB<
18:12:31 : R:>45<
18:12:31 : S:>BB<
18:12:31 : R:>45<
18:12:31 : S:>BB<
18:12:31 : R:>45<
18:12:31 : S:>BB<
18:12:31 : R:>45<
18:12:31 : S:>BB<
18:12:31 : R:>45<
18:12:31 : S:>BB<
18:12:31 : R:>45<
18:12:31 : S:>BB<
18:12:31 : R:>45<
18:12:31 : S:>BB<
18:12:31 : R:>45<
18:12:32 : S:>BB<
18:12:32 : R:>45<
18:12:32 : S:>BB<
18:12:32 : R:>45<
18:12:32 : S:>BB<
18:12:32 : R:>45<
18:12:32 : S:>BB<
18:12:32 : R:>45<
18:12:32 : S:>BB<
18:12:32 : R:>45<
18:12:32 : S:>BB<
18:12:32 : R:>45<
18:12:32 : S:>BB<
18:12:32 : R:>45<
18:12:32 : S:>BB<
18:12:32 : R:>45<
18:12:33 : S:>BB<
18:12:33 : R:>45<
18:12:33 : S:>BB<
18:12:33 : R:>45<
18:12:33 : S:>BB<
18:12:33 : R:>45<
18:12:33 : S:>BB<
18:12:33 : R:>45<
18:12:33 : S:>BB<
18:12:33 : R:>45<
18:12:33 : S:>BB<
18:12:33 : R:>45<
18:12:33 : S:>BB<
18:12:33 : R:>45<
18:12:33 : S:>BB<
18:12:33 : R:>45<
18:12:34 : S:>BB<
18:12:34 : R:>45<
18:12:34 : S:>BB<
18:12:34 : R:>45<
18:12:34 : S:>BB<
18:12:34 : R:>45<
18:12:34 : S:>S<
18:12:39 : R:>45<
18:12:39 : S:>BB<
18:12:39 : R:>45<
18:12:39 : S:>BB<
18:12:39 : R:>45<
18:12:39 : S:>BB<
18:12:39 : R:>45<
18:12:39 : S:>BB<
18:12:39 : R:>45<
18:12:39 : S:>BB<
18:12:39 : R:>45<
18:12:40 : S:>BB<
18:12:40 : R:>45<
18:12:40 : S:>BB<
18:12:40 : R:>45<
18:12:40 : S:>BB<
18:12:40 : R:>45<
18:12:40 : S:>BB<
18:12:40 : R:>45<
18:12:40 : S:>BB<
18:12:40 : R:>45<
18:12:40 : S:>BB<
18:12:40 : R:>45<
18:12:40 : S:>BB<
18:12:40 : R:>45<
18:12:40 : S:>BB<
18:12:40 : R:>45<
18:12:41 : S:>BB<
18:12:41 : R:>45<
18:12:41 : S:>BB<
18:12:41 : R:>45<
18:12:41 : S:>BB<
18:12:41 : R:>45<
18:12:41 : S:>BB<
18:12:41 : R:>45<
18:12:41 : S:>BB<
18:12:41 : R:>45<
18:12:41 : S:>BB<
18:12:41 : R:>45<
18:12:41 : S:>BB<
18:12:41 : R:>45<
18:12:41 : S:>BB<
18:12:41 : R:>45<
18:12:42 : S:>BB<
18:12:42 : R:>45<
18:12:42 : S:>BB<
18:12:42 : R:>45<
18:12:42 : S:>BB<
18:12:42 : R:>45<
18:12:42 : S:>BB<
18:12:42 : R:>45<
18:12:42 : S:>BB<
18:12:42 : R:>45<
18:12:42 : S:>BB<
18:12:42 : R:>45<
18:12:42 : S:>BB<
18:12:42 : R:>45<
18:12:42 : S:>BB<
18:12:42 : R:>45<
18:12:43 : S:>BB<
18:12:43 : R:>45<
18:12:43 : S:>BB<
18:12:43 : R:>45<
18:12:43 : S:>BB<
18:12:43 : R:>45<
18:12:43 : S:>BB<
18:12:43 : R:>45<
18:12:43 : S:>BB<
18:12:43 : R:>45<
18:12:43 : S:>BB<
18:12:43 : R:>45<
18:12:43 : S:>BB<
18:12:43 : R:>45<
18:12:43 : S:>BB<
18:12:43 : R:>45<
18:12:44 : S:>BB<
18:12:44 : R:>45<
18:12:44 : S:>BB<
18:12:44 : R:>45<
18:12:44 : S:>BB<
18:12:44 : R:>45<
18:12:44 : S:>BB<
18:12:44 : R:>45<
18:12:44 : S:>BB<
18:12:44 : R:>45<
18:12:44 : S:>BB<
18:12:44 : R:>45<
18:12:44 : S:>BB<
18:12:44 : R:>45<
18:12:44 : S:>BB<
18:12:44 : R:>45<
18:12:45 : S:>BB<
18:12:45 : R:>45<
18:12:45 : S:>BB<
18:12:45 : R:>45<
18:12:45 : S:>BB<
18:12:45 : R:>45<
18:12:45 : S:>BB<
18:12:45 : R:>45<
18:12:45 : S:>BB<
18:12:45 : R:>45<
18:12:45 : S:>BB<
18:12:45 : R:>45<
18:12:45 : S:>BB<
18:12:45 : R:>45<
18:12:45 : S:>BB<
18:12:45 : R:>45<
18:12:46 : S:>BB<
18:12:46 : R:>45<
18:12:46 : S:>BB<
18:12:46 : R:>45<
18:12:46 : S:>BB<
18:12:46 : R:>45<
18:12:46 : S:>BB<
18:12:46 : R:>45<
18:12:46 : S:>BB<
18:12:46 : R:>45<
18:12:46 : S:>BB<
18:12:46 : R:>45<
18:12:46 : S:>BB<
18:12:46 : R:>45<
18:12:46 : S:>BB<
18:12:46 : R:>45<
18:12:47 : S:>BB<
18:12:47 : R:>45<
18:12:47 : S:>BB<
18:12:47 : R:>45<
18:12:47 : S:>BB<
18:12:47 : R:>45<
18:12:47 : S:>BB<
18:12:47 : R:>45<
18:12:47 : S:>BB<
18:12:47 : R:>45<
18:12:47 : S:>BB<
18:12:47 : R:>45<
18:12:47 : S:>BB<
18:12:47 : R:>45<
18:12:47 : S:>BB<
18:12:47 : R:>45<
18:12:48 : S:>BB<
18:12:48 : R:>46<
18:12:48 : S:>BB<
18:12:48 : R:>48<
18:12:48 : S:>BB<
18:12:48 : R:>61<
18:12:48 : S:>BB<
18:12:48 : R:>64<
18:12:48 : S:>BB<
18:12:48 : R:>66<
18:12:48 : S:>BB<
18:12:48 : R:>66<
18:12:48 : S:>BB<
18:12:48 : R:>66<
18:12:48 : S:>BB<
18:12:48 : R:>66<
18:12:49 : S:>BB<
18:12:49 : R:>66<
18:12:49 : S:>BB<
18:12:49 : R:>66<
18:12:49 : S:>BB<
18:12:49 : R:>65<
18:12:49 : S:>BB<
18:12:49 : R:>61<
18:12:49 : S:>BB<
18:12:49 : R:>51<
18:12:49 : S:>BB<
18:12:49 : R:>41<
18:12:49 : S:>BB<
18:12:49 : R:>38<
18:12:49 : S:>BB<
18:12:49 : R:>33<
18:12:50 : S:>BB<
18:12:50 : R:>28<
18:12:50 : S:>BB<
18:12:50 : R:>26<
18:12:50 : S:>BB<
18:12:50 : R:>26<
18:12:50 : S:>BB<
18:12:50 : R:>27<
18:12:50 : S:>BB<
18:12:50 : R:>27<
18:12:50 : S:>BB<
18:12:50 : R:>30<
18:12:50 : S:>BB<
18:12:50 : R:>34<
18:12:50 : S:>BB<
18:12:50 : R:>41<
18:12:51 : S:>BB<
18:12:51 : R:>49<
18:12:51 : S:>BB<
18:12:51 : R:>56<
18:12:51 : S:>BB<
18:12:51 : R:>61<
18:12:51 : S:>BB<
18:12:51 : R:>64<
18:12:51 : S:>BB<
18:12:51 : R:>64<
18:12:51 : S:>BB<
18:12:51 : R:>64<
18:12:51 : S:>BB<
18:12:51 : R:>64<
18:12:51 : S:>BB<
18:12:51 : R:>64<
18:12:52 : S:>BB<
18:12:52 : R:>64<
18:12:52 : S:>BB<
18:12:52 : R:>64<
18:12:52 : S:>BB<
18:12:52 : R:>64<
18:12:52 : S:>BB<
18:12:52 : R:>66<
18:12:52 : S:>BB<
18:12:52 : R:>71<
18:12:52 : S:>BB<
18:12:52 : R:>72<
18:12:52 : S:>BB<
18:12:52 : R:>74<
18:12:52 : S:>BB<
18:12:52 : R:>78<
18:12:53 : S:>BB<
18:12:53 : R:>77<
18:12:53 : S:>BB<
18:12:53 : R:>77<
18:12:53 : S:>BB<
18:12:53 : R:>76<
18:12:53 : S:>BB<
18:12:53 : R:>76<
18:12:53 : S:>BB<
18:12:53 : R:>76<
18:12:53 : S:>BB<
18:12:53 : R:>74<
18:12:53 : S:>BB<
18:12:53 : R:>72<
18:12:53 : S:>BB<
18:12:54 : R:>63<
18:12:54 : S:>BB<
18:12:54 : R:>59<
18:12:54 : S:>BB<
18:12:54 : R:>56<
18:12:54 : S:>BB<
18:12:54 : R:>56<
18:12:54 : S:>BB<
18:12:54 : R:>56<
18:12:54 : S:>BB<
18:12:54 : R:>56<
18:12:54 : S:>BB<
18:12:54 : R:>56<
18:12:54 : S:>BB<
18:12:54 : R:>55<
18:12:54 : S:>BB<
18:12:55 : R:>51<
18:12:55 : S:>BB<
18:12:55 : R:>49<
18:12:55 : S:>BB<
18:12:55 : R:>44<
18:12:55 : S:>BB<
18:12:55 : R:>43<
18:12:55 : S:>BB<
18:12:55 : R:>43<
18:12:55 : S:>BB<
18:12:55 : R:>43<
18:12:55 : S:>BB<
18:12:55 : R:>43<
18:12:55 : S:>BB<
18:12:55 : R:>43<
18:12:55 : S:>BB<
18:12:56 : R:>43<
18:12:56 : S:>BB<
18:12:56 : R:>42<
18:12:56 : S:>BB<
18:12:56 : R:>40<
18:12:56 : S:>BB<
18:12:56 : R:>36<
18:12:56 : S:>BB<
18:12:56 : R:>33<
18:12:56 : S:>BB<
18:12:56 : R:>30<
18:12:56 : S:>BB<
18:12:56 : R:>29<
18:12:56 : S:>BB<
18:12:56 : R:>26<
18:12:56 : S:>BB<
18:12:57 : R:>24<
18:12:57 : S:>BB<
18:12:57 : R:>20<
18:12:57 : S:>BB<
18:12:57 : R:>17<
18:12:57 : S:>BB<
18:12:57 : R:>14<
18:12:57 : S:>BB<
18:12:57 : R:>11<
18:12:57 : S:>BB<
18:12:57 : R:>10<
18:12:57 : S:>BB<
18:12:57 : R:>9<
18:12:57 : S:>BB<
18:12:57 : R:>9<
18:12:57 : S:>BB<
18:12:58 : R:>9<
18:12:58 : S:>BB<
18:12:58 : R:>10<
18:12:58 : S:>BB<
18:12:58 : R:>13<
18:12:58 : S:>BB<
18:12:58 : R:>21<
18:12:58 : S:>BB<
18:12:58 : R:>28<
18:12:58 : S:>BB<
18:12:58 : R:>33<
18:12:58 : S:>BB<
18:12:58 : R:>39<
18:12:58 : S:>BB<
18:12:58 : R:>45<
18:12:58 : S:>BB<
18:12:59 : R:>52<
18:12:59 : S:>BB<
18:12:59 : R:>57<
18:12:59 : S:>BB<
18:12:59 : R:>60<
18:12:59 : S:>BB<
18:12:59 : R:>65<
18:12:59 : S:>BB<
18:12:59 : R:>69<
18:12:59 : S:>BB<
18:12:59 : R:>72<
18:12:59 : S:>BB<
18:12:59 : R:>74<
18:12:59 : S:>BB<
18:12:59 : R:>75<
18:12:59 : S:>BB<
18:13:00 : R:>75<
18:13:00 : S:>BB<
18:13:00 : R:>75<
18:13:00 : S:>BB<
18:13:00 : R:>75<
18:13:00 : S:>BB<
18:13:00 : R:>75<
18:13:00 : S:>BB<
18:13:00 : R:>75<
18:13:00 : S:>BB<
18:13:00 : R:>75<
18:13:00 : S:>BB<
18:13:00 : R:>75<
18:13:00 : S:>BB<
18:13:00 : R:>75<
18:13:00 : S:>BB<
18:13:01 : R:>76<
18:13:01 : S:>BB<
18:13:01 : R:>77<
18:13:01 : S:>BB<
18:13:01 : R:>78<
18:13:01 : S:>BB<
18:13:01 : R:>81<
18:13:01 : S:>BB<
18:13:01 : R:>82<
18:13:01 : S:>BB<
18:13:01 : R:>82<
18:13:01 : S:>BB<
18:13:01 : R:>82<
18:13:01 : S:>BB<
18:13:01 : R:>82<
18:13:01 : S:>BB<
18:13:02 : R:>82<
18:13:02 : S:>BB<
18:13:02 : R:>82<
18:13:02 : S:>BB<
18:13:02 : R:>82<
18:13:02 : S:>BB<
18:13:02 : R:>82<
18:13:02 : S:>BB<
18:13:02 : R:>81<
18:13:02 : S:>BB<
18:13:02 : R:>75<
18:13:02 : S:>BB<
18:13:02 : R:>66<
18:13:02 : S:>BB<
18:13:02 : R:>61<
18:13:02 : S:>BB<
18:13:03 : R:>58<
18:13:03 : S:>BB<
18:13:03 : R:>56<
18:13:03 : S:>BB<
18:13:03 : R:>57<
18:13:03 : S:>BB<
18:13:03 : R:>57<
18:13:03 : S:>BB<
18:13:03 : R:>57<
18:13:03 : S:>BB<
18:13:03 : R:>57<
18:13:03 : S:>BB<
18:13:03 : R:>57<
18:13:03 : S:>BB<
18:13:03 : R:>49<
18:13:03 : S:>BB<
18:13:04 : R:>42<
18:13:04 : S:>BB<
18:13:04 : R:>36<
18:13:04 : S:>BB<
18:13:04 : R:>32<
18:13:04 : S:>BB<
18:13:04 : R:>31<
18:13:04 : S:>BB<
18:13:04 : R:>31<
18:13:04 : S:>BB<
18:13:04 : R:>28<
18:13:04 : S:>BB<
18:13:04 : R:>24<
18:13:04 : S:>BB<
18:13:04 : R:>20<
18:13:04 : S:>BB<
18:13:05 : R:>17<
18:13:05 : S:>BB<
18:13:05 : R:>14<
18:13:05 : S:>BB<
18:13:05 : R:>12<
18:13:05 : S:>BB<
18:13:05 : R:>13<
18:13:05 : S:>BB<
18:13:05 : R:>13<
18:13:05 : S:>BB<
18:13:05 : R:>12<
18:13:05 : S:>BB<
18:13:05 : R:>11<
18:13:05 : S:>BB<
18:13:05 : R:>12<
18:13:05 : S:>BB<
18:13:06 : R:>13<
18:13:06 : S:>BB<
18:13:06 : R:>13<
18:13:06 : S:>BB<
18:13:06 : R:>13<
18:13:06 : S:>BB<
18:13:06 : R:>13<
18:13:06 : S:>BB<
18:13:06 : R:>13<
18:13:06 : S:>BB<
18:13:06 : R:>13<
18:13:06 : S:>BB<
18:13:06 : R:>13<
18:13:06 : S:>BB<
18:13:06 : R:>13<
18:13:06 : S:>BB<
18:13:07 : R:>13<
18:13:07 : S:>BB<
18:13:07 : R:>13<
18:13:07 : S:>BB<
18:13:07 : R:>13<
18:13:07 : S:>BB<
18:13:07 : R:>13<
18:13:07 : S:>BB<
18:13:07 : R:>13<
18:13:07 : S:>BB<
18:13:07 : R:>13<
18:14:07 : 

18:14:07 : Application started.
18:14:07 : ----------------------------------------------------------------------
18:14:07 : Serial port opened.
18:15:21 : 

18:15:21 : Application started.
18:15:21 : ----------------------------------------------------------------------
18:15:21 : Serial port opened.
18:16:04 : 

18:16:04 : Application started.
18:16:04 : ----------------------------------------------------------------------
18:16:04 : Serial port opened.
18:16:12 : S:>BB<
18:16:12 : R:>13<
18:16:12 : S:>BB<
18:16:12 : R:>13<
18:16:12 : S:>BB<
18:16:12 : R:>13<
18:16:12 : S:>BB<
18:16:12 : R:>13<
18:16:12 : S:>BB<
18:16:12 : R:>13<
18:16:12 : S:>BB<
18:16:12 : R:>13<
18:16:12 : S:>BB<
18:16:12 : R:>13<
18:16:12 : S:>BB<
18:16:12 : R:>13<
18:16:12 : S:>BB<
18:16:12 : R:>13<
18:16:12 : S:>BB<
18:16:12 : R:>13<
18:16:12 : S:>BB<
18:16:12 : R:>13<
18:16:12 : S:>BB<
18:16:12 : R:>13<
18:16:13 : S:>BB<
18:16:13 : R:>13<
18:16:13 : S:>BB<
18:16:13 : R:>13<
18:16:13 : S:>BB<
18:16:13 : R:>13<
18:16:13 : S:>BB<
18:16:13 : R:>13<
18:16:13 : S:>BB<
18:16:13 : R:>13<
18:16:13 : S:>BB<
18:16:13 : R:>13<
18:16:13 : S:>BB<
18:16:13 : R:>13<
18:16:13 : S:>BB<
18:16:13 : R:>13<
18:16:13 : S:>BB<
18:16:13 : R:>13<
18:16:13 : S:>BB<
18:16:13 : R:>13<
18:16:13 : S:>BB<
18:16:13 : R:>13<
18:16:13 : S:>BB<
18:16:13 : R:>13<
18:16:13 : S:>BB<
18:16:13 : R:>13<
18:16:13 : S:>BB<
18:16:13 : R:>13<
18:16:13 : S:>BB<
18:16:13 : R:>13<
18:16:13 : S:>BB<
18:16:13 : R:>13<
18:16:14 : S:>BB<
18:16:14 : R:>13<
18:16:14 : S:>BB<
18:16:14 : R:>13<
18:16:14 : S:>BB<
18:16:14 : R:>13<
18:16:14 : S:>BB<
18:16:14 : R:>13<
18:16:14 : S:>BB<
18:16:14 : R:>13<
18:16:14 : S:>BB<
18:16:14 : R:>13<
18:16:14 : S:>BB<
18:16:14 : R:>13<
18:16:14 : S:>BB<
18:16:14 : R:>13<
18:16:14 : S:>BB<
18:16:14 : R:>14<
18:16:14 : S:>BB<
18:16:14 : R:>13<
18:16:14 : S:>BB<
18:16:14 : R:>13<
18:16:14 : S:>BB<
18:16:14 : R:>13<
18:16:14 : S:>BB<
18:16:14 : R:>13<
18:16:14 : S:>BB<
18:16:14 : R:>13<
18:16:14 : S:>BB<
18:16:14 : R:>13<
18:16:14 : S:>BB<
18:16:14 : R:>13<
18:16:15 : S:>BB<
18:16:15 : R:>13<
18:16:15 : S:>BB<
18:16:15 : R:>13<
18:16:15 : S:>BB<
18:16:15 : R:>13<
18:16:15 : S:>BB<
18:16:15 : R:>13<
18:16:15 : S:>BB<
18:16:15 : R:>13<
18:16:15 : S:>BB<
18:16:15 : R:>13<
18:16:15 : S:>BB<
18:16:15 : R:>13<
18:16:15 : S:>BB<
18:16:15 : R:>13<
18:16:15 : S:>BB<
18:16:15 : R:>14<
18:16:15 : S:>BB<
18:16:15 : R:>15<
18:16:15 : S:>BB<
18:16:15 : R:>16<
18:16:15 : S:>BB<
18:16:15 : R:>20<
18:16:15 : S:>BB<
18:16:15 : R:>25<
18:16:15 : S:>BB<
18:16:15 : R:>30<
18:16:15 : S:>BB<
18:16:15 : R:>35<
18:16:15 : S:>BB<
18:16:15 : R:>37<
18:16:16 : S:>BB<
18:16:16 : R:>40<
18:16:16 : S:>BB<
18:16:16 : R:>41<
18:16:16 : S:>BB<
18:16:16 : R:>42<
18:16:16 : S:>BB<
18:16:16 : R:>42<
18:16:16 : S:>BB<
18:16:16 : R:>42<
18:16:16 : S:>BB<
18:16:16 : R:>42<
18:16:16 : S:>BB<
18:16:16 : R:>42<
18:16:16 : S:>BB<
18:16:16 : R:>42<
18:16:16 : S:>BB<
18:16:16 : R:>42<
18:16:16 : S:>BB<
18:16:16 : R:>42<
18:16:16 : S:>BB<
18:16:16 : R:>42<
18:16:16 : S:>BB<
18:16:16 : R:>42<
18:16:16 : S:>BB<
18:16:16 : R:>42<
18:16:16 : S:>BB<
18:16:16 : R:>42<
18:16:16 : S:>BB<
18:16:16 : R:>42<
18:16:16 : S:>BB<
18:16:16 : R:>42<
18:16:17 : S:>BB<
18:16:17 : R:>42<
18:16:17 : S:>BB<
18:16:17 : R:>42<
18:16:17 : S:>BB<
18:16:17 : R:>44<
18:16:17 : S:>BB<
18:16:17 : R:>48<
18:16:17 : S:>BB<
18:16:17 : R:>52<
18:16:17 : S:>BB<
18:16:17 : R:>54<
18:16:17 : S:>BB<
18:16:17 : R:>55<
18:16:17 : S:>BB<
18:16:17 : R:>55<
18:16:17 : S:>BB<
18:16:17 : R:>55<
18:16:17 : S:>BB<
18:16:17 : R:>55<
18:16:17 : S:>BB<
18:16:17 : R:>55<
18:16:17 : S:>BB<
18:16:17 : R:>55<
18:16:17 : S:>BB<
18:16:17 : R:>55<
18:16:17 : S:>BB<
18:16:17 : R:>55<
18:16:17 : S:>BB<
18:16:17 : R:>55<
18:16:17 : S:>BB<
18:16:17 : R:>55<
18:16:18 : S:>BB<
18:16:18 : R:>55<
18:16:18 : S:>BB<
18:16:18 : R:>55<
18:16:18 : S:>BB<
18:16:18 : R:>56<
18:16:18 : S:>BB<
18:16:18 : R:>61<
18:16:18 : S:>BB<
18:16:18 : R:>70<
18:16:18 : S:>BB<
18:16:18 : R:>78<
18:16:18 : S:>BB<
18:16:18 : R:>85<
18:16:18 : S:>BB<
18:16:18 : R:>88<
18:16:18 : S:>BB<
18:16:18 : R:>89<
18:16:18 : S:>BB<
18:16:18 : R:>91<
18:16:18 : S:>BB<
18:16:18 : R:>94<
18:16:18 : S:>BB<
18:16:18 : R:>96<
18:16:18 : S:>BB<
18:16:18 : R:>98<
18:16:18 : S:>BB<
18:16:18 : R:>99<
18:16:18 : S:>BB<
18:16:18 : R:>99<
18:16:18 : S:>BB<
18:16:18 : R:>100<
18:16:19 : S:>BB<
18:16:19 : R:>99<
18:16:19 : S:>BB<
18:16:19 : R:>99<
18:16:19 : S:>BB<
18:16:19 : R:>99<
18:16:19 : S:>BB<
18:16:19 : R:>99<
18:16:19 : S:>BB<
18:16:19 : R:>99<
18:16:19 : S:>BB<
18:16:19 : R:>99<
18:16:19 : S:>BB<
18:16:19 : R:>99<
18:16:19 : S:>BB<
18:16:19 : R:>99<
18:16:19 : S:>BB<
18:16:19 : R:>99<
18:16:19 : S:>BB<
18:16:19 : R:>100<
18:16:19 : S:>BB<
18:16:19 : R:>99<
18:16:19 : S:>BB<
18:16:19 : R:>100<
18:16:19 : S:>BB<
18:16:19 : R:>99<
18:16:19 : S:>BB<
18:16:19 : R:>100<
18:16:19 : S:>BB<
18:16:19 : R:>99<
18:16:19 : S:>BB<
18:16:20 : R:>100<
18:16:20 : S:>BB<
18:16:20 : R:>100<
18:16:20 : S:>BB<
18:16:20 : R:>100<
18:16:20 : S:>BB<
18:16:20 : R:>100<
18:16:20 : S:>BB<
18:16:20 : R:>100<
18:16:20 : S:>BB<
18:16:20 : R:>100<
18:16:20 : S:>BB<
18:16:20 : R:>100<
18:16:20 : S:>BB<
18:16:20 : R:>99<
18:16:20 : S:>BB<
18:16:20 : R:>100<
18:16:20 : S:>BB<
18:16:20 : R:>99<
18:16:20 : S:>BB<
18:16:20 : R:>100<
18:16:20 : S:>BB<
18:16:20 : R:>99<
18:16:20 : S:>BB<
18:16:20 : R:>100<
18:16:20 : S:>BB<
18:16:20 : R:>100<
18:16:20 : S:>BB<
18:16:20 : R:>100<
18:16:20 : S:>BB<
18:16:20 : R:>99<
18:16:20 : S:>BB<
18:16:20 : R:>96<
18:16:21 : S:>BB<
18:16:21 : R:>96<
18:16:21 : S:>BB<
18:16:21 : R:>94<
18:16:21 : S:>BB<
18:16:21 : R:>94<
18:16:21 : S:>BB<
18:16:21 : R:>94<
18:16:21 : S:>BB<
18:16:21 : R:>94<
18:16:21 : S:>BB<
18:16:21 : R:>94<
18:16:21 : S:>BB<
18:16:21 : R:>94<
18:16:21 : S:>BB<
18:16:21 : R:>93<
18:16:21 : S:>BB<
18:16:21 : R:>92<
18:16:21 : S:>BB<
18:16:21 : R:>91<
18:16:21 : S:>BB<
18:16:21 : R:>89<
18:16:21 : S:>BB<
18:16:21 : R:>87<
18:16:21 : S:>BB<
18:16:21 : R:>87<
18:16:21 : S:>BB<
18:16:21 : R:>86<
18:16:21 : S:>BB<
18:16:21 : R:>85<
18:16:21 : S:>BB<
18:16:21 : R:>84<
18:16:22 : S:>BB<
18:16:22 : R:>82<
18:16:22 : S:>BB<
18:16:22 : R:>80<
18:16:22 : S:>BB<
18:16:22 : R:>78<
18:16:22 : S:>BB<
18:16:22 : R:>76<
18:16:22 : S:>BB<
18:16:22 : R:>75<
18:16:22 : S:>BB<
18:16:22 : R:>74<
18:16:22 : S:>BB<
18:16:22 : R:>72<
18:16:22 : S:>BB<
18:16:22 : R:>71<
18:16:22 : S:>BB<
18:16:22 : R:>70<
18:16:22 : S:>BB<
18:16:22 : R:>69<
18:16:22 : S:>BB<
18:16:22 : R:>65<
18:16:22 : S:>BB<
18:16:22 : R:>63<
18:16:22 : S:>BB<
18:16:22 : R:>61<
18:16:22 : S:>BB<
18:16:22 : R:>58<
18:16:22 : S:>BB<
18:16:22 : R:>54<
18:16:23 : S:>BB<
18:16:23 : R:>52<
18:16:23 : S:>BB<
18:16:23 : R:>49<
18:16:23 : S:>BB<
18:16:23 : R:>48<
18:16:23 : S:>BB<
18:16:23 : R:>46<
18:16:23 : S:>BB<
18:16:23 : R:>44<
18:16:23 : S:>BB<
18:16:23 : R:>41<
18:16:23 : S:>BB<
18:16:23 : R:>38<
18:16:23 : S:>BB<
18:16:23 : R:>35<
18:16:23 : S:>BB<
18:16:23 : R:>32<
18:16:23 : S:>BB<
18:16:23 : R:>30<
18:16:23 : S:>BB<
18:16:23 : R:>28<
18:16:23 : S:>BB<
18:16:23 : R:>25<
18:16:23 : S:>BB<
18:16:23 : R:>25<
18:16:23 : S:>BB<
18:16:23 : R:>25<
18:16:23 : S:>BB<
18:16:23 : R:>25<
18:16:23 : S:>BB<
18:16:23 : R:>25<
18:16:24 : S:>BB<
18:16:24 : R:>25<
18:16:24 : S:>BB<
18:16:24 : R:>25<
18:16:24 : S:>BB<
18:16:24 : R:>25<
18:16:24 : S:>BB<
18:16:24 : R:>25<
18:16:24 : S:>BB<
18:16:24 : R:>25<
18:16:24 : S:>BB<
18:16:24 : R:>25<
18:16:24 : S:>BB<
18:16:24 : R:>25<
18:16:24 : S:>BB<
18:16:24 : R:>25<
18:16:24 : S:>BB<
18:16:24 : R:>25<
18:16:24 : S:>BB<
18:16:24 : R:>25<
18:16:24 : S:>BB<
18:16:24 : R:>25<
18:16:24 : S:>BB<
18:16:24 : R:>25<
18:16:24 : S:>BB<
18:16:24 : R:>25<
18:16:24 : S:>BB<
18:16:24 : R:>25<
18:16:24 : S:>BB<
18:16:24 : R:>25<
18:16:24 : S:>BB<
18:16:24 : R:>25<
18:16:25 : S:>BB<
18:16:25 : R:>25<
18:16:25 : S:>BB<
18:16:25 : R:>25<
18:16:25 : S:>BB<
18:16:25 : R:>25<
18:16:25 : S:>BB<
18:16:25 : R:>25<
18:16:25 : S:>BB<
18:16:25 : R:>25<
18:16:25 : S:>BB<
18:16:25 : R:>25<
18:16:25 : S:>BB<
18:16:25 : R:>25<
18:16:25 : S:>BB<
18:16:25 : R:>25<
18:16:25 : S:>BB<
18:16:25 : R:>25<
18:16:25 : S:>BB<
18:16:25 : R:>25<
18:16:25 : S:>BB<
18:16:25 : R:>25<
18:16:25 : S:>BB<
18:16:25 : R:>25<
18:16:25 : S:>BB<
18:16:25 : R:>25<
18:16:25 : S:>BB<
18:16:25 : R:>25<
18:16:25 : S:>BB<
18:16:25 : R:>24<
18:16:25 : S:>BB<
18:16:25 : R:>25<
18:16:26 : S:>BB<
18:16:26 : R:>23<
18:16:26 : S:>BB<
18:16:26 : R:>22<
18:16:26 : S:>BB<
18:16:26 : R:>21<
18:16:26 : S:>BB<
18:16:26 : R:>20<
18:16:26 : S:>BB<
18:16:26 : R:>19<
18:16:26 : S:>BB<
18:16:26 : R:>19<
18:16:26 : S:>BB<
18:16:26 : R:>18<
18:16:26 : S:>BB<
18:16:26 : R:>17<
18:16:26 : S:>BB<
18:16:26 : R:>17<
18:16:26 : S:>BB<
18:16:26 : R:>17<
18:16:26 : S:>BB<
18:16:26 : R:>17<
18:16:26 : S:>BB<
18:16:26 : R:>17<
18:16:26 : S:>BB<
18:16:26 : R:>17<
18:16:26 : S:>BB<
18:16:26 : R:>17<
18:16:26 : S:>BB<
18:16:26 : R:>17<
18:16:26 : S:>BB<
18:16:26 : R:>17<
18:16:27 : S:>BB<
18:16:27 : R:>17<
18:16:27 : S:>BB<
18:16:27 : R:>17<
18:16:27 : S:>BB<
18:16:27 : R:>17<
18:16:27 : S:>BB<
18:16:27 : R:>17<
18:16:27 : S:>BB<
18:16:27 : R:>17<
18:16:27 : S:>BB<
18:16:27 : R:>17<
18:16:27 : S:>BB<
18:16:27 : R:>17<
18:16:27 : S:>BB<
18:16:27 : R:>17<
18:16:27 : S:>BB<
18:16:27 : R:>17<
18:16:27 : S:>BB<
18:16:27 : R:>17<
18:16:27 : S:>BB<
18:16:27 : R:>17<
18:16:27 : S:>BB<
18:16:27 : R:>17<
18:16:27 : S:>BB<
18:16:27 : R:>17<
18:16:27 : S:>BB<
18:16:27 : R:>17<
18:16:27 : S:>BB<
18:16:27 : R:>16<
18:16:27 : S:>BB<
18:16:27 : R:>16<
18:16:28 : S:>BB<
18:16:28 : R:>14<
18:16:28 : S:>BB<
18:16:28 : R:>13<
18:16:28 : S:>BB<
18:16:28 : R:>13<
18:16:28 : S:>BB<
18:16:28 : R:>13<
18:16:28 : S:>BB<
18:16:28 : R:>13<
18:16:28 : S:>BB<
18:16:28 : R:>13<
18:16:28 : S:>BB<
18:16:28 : R:>13<
18:16:28 : S:>BB<
18:16:28 : R:>13<
18:16:28 : S:>BB<
18:16:28 : R:>13<
18:16:28 : S:>BB<
18:16:28 : R:>13<
18:16:28 : S:>BB<
18:16:28 : R:>13<
18:16:28 : S:>BB<
18:16:28 : R:>13<
18:16:28 : S:>BB<
18:16:28 : R:>13<
18:16:28 : S:>BB<
18:16:28 : R:>13<
18:16:28 : S:>BB<
18:16:28 : R:>13<
18:16:28 : S:>BB<
18:16:28 : R:>13<
18:16:29 : S:>BB<
18:16:29 : R:>13<
18:16:29 : S:>BB<
18:16:29 : R:>13<
18:16:29 : S:>BB<
18:16:29 : R:>13<
18:16:29 : S:>BB<
18:16:29 : R:>13<
18:16:29 : S:>BB<
18:16:29 : R:>13<
18:16:29 : S:>BB<
18:16:29 : R:>13<
18:16:29 : S:>BB<
18:16:29 : R:>13<
18:16:29 : S:>BB<
18:16:29 : R:>13<
18:16:29 : S:>BB<
18:16:29 : R:>13<
18:16:29 : S:>BB<
18:16:29 : R:>13<
18:16:29 : S:>BB<
18:16:29 : R:>13<
18:16:29 : S:>BB<
18:16:29 : R:>13<
18:16:29 : S:>BB<
18:16:29 : R:>13<
18:16:29 : S:>BB<
18:16:29 : R:>13<
18:16:29 : S:>BB<
18:16:29 : R:>13<
18:16:29 : S:>BB<
18:16:29 : R:>13<
18:16:30 : S:>BB<
18:16:30 : R:>13<
18:16:30 : S:>BB<
18:16:30 : R:>13<
18:16:30 : S:>BB<
18:16:30 : R:>13<
