12:27:56 : Can not open serial port.
12:27:56 : 
14:10:49 : 

14:10:49 : Application started.
14:10:50 : ----------------------------------------------------------------------
14:10:50 : Serial port opened.
14:15:13 : 

14:15:13 : Application started.
14:15:13 : ----------------------------------------------------------------------
14:15:13 : Serial port opened.
14:15:42 : 

14:15:42 : Application started.
14:15:42 : ----------------------------------------------------------------------
14:15:42 : Serial port opened.
14:17:38 : 

14:17:38 : Application started.
14:17:38 : ----------------------------------------------------------------------
14:17:38 : Serial port opened.
14:19:10 : 

14:19:10 : Application started.
14:19:10 : ----------------------------------------------------------------------
14:19:10 : Serial port opened.
14:19:59 : 

14:19:59 : Application started.
14:19:59 : ----------------------------------------------------------------------
14:19:59 : Serial port opened.
14:20:58 : 

14:20:58 : Application started.
14:20:58 : ----------------------------------------------------------------------
14:20:58 : Serial port opened.
14:23:39 : 

14:23:39 : Application started.
14:23:39 : ----------------------------------------------------------------------
14:23:39 : Serial port opened.
14:26:27 : 

14:26:28 : Application started.
14:26:28 : ----------------------------------------------------------------------
14:26:28 : Serial port opened.
15:16:28 : Can not open serial port.
15:16:28 : 
16:55:37 : 

16:55:37 : Application started.
16:55:37 : ----------------------------------------------------------------------
16:55:37 : Serial port opened.
16:56:53 : 

16:56:53 : Application started.
16:56:53 : ----------------------------------------------------------------------
16:56:53 : Serial port opened.
16:57:15 : 

16:57:15 : Application started.
16:57:16 : ----------------------------------------------------------------------
16:57:16 : Serial port opened.
17:08:59 : 

17:08:59 : Application started.
17:08:59 : ----------------------------------------------------------------------
17:08:59 : Serial port opened.
17:10:12 : 

17:10:12 : Application started.
17:10:12 : ----------------------------------------------------------------------
17:10:12 : Serial port opened.
17:11:10 : 

17:11:10 : Application started.
17:11:10 : ----------------------------------------------------------------------
17:11:10 : Serial port opened.
17:20:33 : 

17:20:33 : Application started.
17:20:33 : ----------------------------------------------------------------------
17:20:33 : Serial port opened.
17:22:42 : 

17:22:42 : Application started.
17:22:42 : ----------------------------------------------------------------------
17:22:42 : Serial port opened.
17:23:43 : 

17:23:43 : Application started.
17:23:43 : ----------------------------------------------------------------------
17:23:43 : Serial port opened.
17:25:14 : 

17:25:14 : Application started.
17:25:14 : ----------------------------------------------------------------------
17:25:14 : Serial port opened.
17:25:56 : 

17:25:56 : Application started.
17:25:56 : ----------------------------------------------------------------------
17:25:56 : Serial port opened.
