11:59:28 : 

11:59:28 : Application started.
11:59:28 : ----------------------------------------------------------------------
11:59:28 : Serial port opened.
11:59:36 : S:>Q<
12:00:02 : S:>Q<
12:00:27 : S:>Q<
12:01:16 : S:>Q<
12:02:56 : 

12:02:56 : Application started.
12:02:56 : ----------------------------------------------------------------------
12:02:56 : Serial port opened.
12:02:57 : S:>Q<
12:03:22 : S:>Q<
12:03:47 : S:>Q<
12:04:12 : S:>Q<
12:04:37 : S:>Q<
12:05:02 : S:>Q<
12:05:27 : S:>Q<
12:06:39 : 

12:06:39 : Application started.
12:06:39 : ----------------------------------------------------------------------
12:06:39 : Serial port opened.
12:06:39 : S:>Q<
12:07:04 : S:>Q<
12:08:00 : 

12:08:00 : Application started.
12:08:00 : ----------------------------------------------------------------------
12:08:00 : Serial port opened.
12:08:01 : S:>Q<
12:08:26 : S:>Q<
12:08:51 : S:>Q<
12:10:19 : 

12:10:19 : Application started.
12:10:19 : ----------------------------------------------------------------------
12:10:19 : Serial port opened.
12:10:29 : S:>Q<
12:29:03 : 

12:29:03 : Application started.
12:29:03 : ----------------------------------------------------------------------
12:29:03 : Serial port opened.
12:29:06 : S:>Q<
12:30:25 : 

12:30:25 : Application started.
12:30:25 : ----------------------------------------------------------------------
12:30:25 : Serial port opened.
12:30:25 : S:
12:30:50 : S:>Q<
12:31:15 : S:>Q12<
12:31:40 : S:>Q12<
14:04:31 : 

14:04:31 : Application started.
14:04:31 : ----------------------------------------------------------------------
14:04:31 : Serial port opened.
14:04:36 : S:>Q<
14:05:29 : 

14:05:29 : Application started.
14:05:29 : ----------------------------------------------------------------------
14:05:29 : Serial port opened.
14:05:32 : S:>Q<
14:07:39 : 

14:07:39 : Application started.
14:07:39 : ----------------------------------------------------------------------
14:07:39 : Serial port opened.
14:07:42 : S:>Q<
14:08:14 : 

14:08:14 : Application started.
14:08:14 : ----------------------------------------------------------------------
14:08:14 : Serial port opened.
14:08:35 : S:>Q<
14:09:05 : S:>Q<
14:17:44 : 

14:17:44 : Application started.
14:17:44 : ----------------------------------------------------------------------
14:17:44 : Serial port opened.
14:17:52 : S:>Q<
14:17:59 : R:>R<
14:18:07 : S:>Q<
14:18:07 : R:>Q<

14:18:07 : S:>Q<
14:18:07 : R:>Q10,11<
14:18:07 : S:>L02<
14:18:07 : R:>Q10,11<
14:18:07 : S:>L02<
14:18:07 : R:>L02<
14:22:24 : 

14:22:24 : Application started.
14:22:24 : ----------------------------------------------------------------------
14:22:24 : Serial port opened.
14:22:28 : S:>Q<
14:22:28 : R:>R<
14:22:28 : S:>Q<
14:22:28 : R:>Q<

14:22:28 : S:>Q<
14:22:28 : R:>Q10<
14:22:28 : S:>Q<
14:22:28 : R:>Q10<
14:22:28 : S:>Q<
14:22:28 : R:>Q10<
14:22:28 : S:>Q<
14:22:28 : R:>Q10<
14:22:29 : S:>Q<
14:22:29 : R:>Q10<
14:22:29 : S:>Q<
14:22:29 : R:>Q10<
14:22:29 : S:>Q<
14:22:29 : R:>Q10<
14:22:29 : S:>Q<
14:22:29 : R:>Q10<
14:22:29 : S:>Q<
14:22:29 : R:>Q10<
14:22:29 : S:>Q<
14:22:29 : R:>Q10<
14:22:29 : S:>Q<
14:22:29 : R:>Q10<
14:22:29 : S:>Q<
14:22:29 : R:>Q10<
14:22:29 : S:>Q<
14:22:29 : R:>Q10<
14:22:29 : S:>Q<
14:22:29 : R:>Q10<
14:22:29 : S:>Q<
14:22:29 : R:>Q10<
14:22:29 : S:>Q<
14:22:29 : R:>Q10<
14:22:29 : S:>Q<
14:22:29 : R:>Q10<
14:22:29 : S:>Q<
14:22:29 : R:>Q10<
14:22:29 : S:>Q<
14:22:29 : R:>Q10<
14:22:30 : S:>Q<
14:22:30 : R:>Q10<
14:22:30 : S:>Q<
14:22:30 : R:>Q10<
14:22:30 : S:>Q<
14:22:30 : R:>Q10<
14:22:30 : S:>Q<
14:22:30 : R:>Q10<
14:22:30 : S:>Q<
14:22:30 : R:>Q10<
14:22:30 : S:>Q<
14:22:30 : R:>Q10<
14:22:30 : S:>Q<
14:22:30 : R:>Q10<
14:22:30 : S:>Q<
14:22:30 : R:>Q10<
14:22:30 : S:>Q<
14:22:30 : R:>Q10<
14:22:30 : S:>Q<
14:22:30 : R:>Q10<
14:22:30 : S:>Q<
14:22:30 : R:>Q10<
14:22:30 : S:>Q<
14:22:30 : R:>Q10<
14:22:30 : S:>Q<
14:22:30 : R:>Q10<
14:22:30 : S:>Q<
14:22:30 : R:>Q10<
14:22:30 : S:>Q<
14:22:30 : R:>Q10<
14:22:30 : S:>Q<
14:22:30 : R:>Q10<
14:22:31 : S:>Q<
14:22:31 : R:>Q10<
14:22:31 : S:>Q<
14:22:31 : R:>Q10<
14:22:31 : S:>Q<
14:22:31 : R:>Q10<
14:22:31 : S:>Q<
14:22:31 : R:>Q10<
14:22:31 : S:>Q<
14:22:31 : R:>Q10<
14:22:31 : S:>Q<
14:22:31 : R:>Q10<
14:22:31 : S:>Q<
14:22:31 : R:>Q10<
14:22:31 : S:>Q<
14:22:31 : R:>Q10<
14:22:31 : S:>Q<
14:22:31 : R:>Q10<
14:22:31 : S:>Q<
14:22:31 : R:>Q10<
14:22:31 : S:>Q<
14:22:31 : R:>Q10<
14:22:31 : S:>Q<
14:22:31 : R:>Q10<
14:22:31 : S:>Q<
14:22:31 : R:>Q10<
14:22:31 : S:>Q<
14:22:31 : R:>Q10<
14:22:31 : S:>Q<
14:22:31 : R:>Q10<
14:22:31 : S:>Q<
14:22:31 : R:>Q10<
14:22:32 : S:>Q<
14:22:32 : R:>Q10<
14:22:32 : S:>Q<
14:22:32 : R:>Q10<
14:22:32 : S:>Q<
14:22:32 : R:>Q10<
14:22:32 : S:>Q<
14:22:32 : R:>Q10<
14:22:32 : S:>Q<
14:22:32 : R:>Q10<
14:22:32 : S:>Q<
14:22:32 : R:>Q10<
14:22:32 : S:>Q<
14:22:32 : R:>Q10<
14:22:32 : S:>Q<
14:22:32 : R:>Q10<
14:22:32 : S:>Q<
14:22:32 : R:>Q10<
14:22:32 : S:>Q<
14:22:32 : R:>Q10<
14:22:32 : S:>Q<
14:22:32 : R:>Q10<
14:22:32 : S:>Q<
14:22:32 : R:>Q10<
14:22:32 : S:>Q<
14:22:32 : R:>Q10<
14:22:32 : S:>Q<
14:22:32 : R:>Q10<
14:22:32 : S:>Q<
14:22:32 : R:>Q10<
14:22:32 : S:>Q<
14:22:32 : R:>Q10<
14:22:33 : S:>Q<
14:22:33 : R:>Q10<
14:22:33 : S:>Q<
14:22:33 : R:>Q10<
14:22:33 : S:>Q<
14:22:33 : R:>Q10<
14:22:33 : S:>Q<
14:22:33 : R:>Q10<
14:22:33 : S:>Q<
14:22:33 : R:>Q10<
14:22:33 : S:>Q<
14:22:33 : R:>Q10<
14:22:33 : S:>Q<
14:22:33 : R:>Q10<
14:22:33 : S:>Q<
14:22:33 : R:>Q10<
14:22:33 : S:>Q<
14:22:33 : R:>Q10<
14:22:33 : S:>Q<
14:22:33 : R:>Q10<
14:22:33 : S:>Q<
14:22:33 : R:>Q10<
14:22:33 : S:>Q<
14:22:33 : R:>Q10<
14:22:33 : S:>Q<
14:22:33 : R:>Q10<
14:22:33 : S:>Q<
14:22:33 : R:>Q10<
14:22:33 : S:>Q<
14:22:33 : R:>Q10<
14:22:33 : S:>Q<
14:22:33 : R:>Q10<
14:22:34 : S:>Q<
14:22:34 : R:>Q10<
14:22:34 : S:>Q<
14:22:34 : R:>Q10<
14:22:34 : S:>Q<
14:22:34 : R:>Q10<
14:22:34 : S:>Q<
14:22:34 : R:>Q10<
14:22:34 : S:>Q<
14:22:34 : R:>Q10<
14:22:34 : S:>Q<
14:22:34 : R:>Q10<
14:22:34 : S:>Q<
14:22:34 : R:>Q10<
14:22:34 : S:>Q<
14:22:34 : R:>Q10<
14:22:34 : S:>Q<
14:22:34 : R:>Q10<
14:22:34 : S:>Q<
14:22:34 : R:>Q10<
14:22:34 : S:>Q<
14:22:34 : R:>Q10<
14:22:34 : S:>Q<
14:22:34 : R:>Q10<
14:22:34 : S:>Q<
14:22:34 : R:>Q10<
14:22:34 : S:>Q<
14:22:34 : R:>Q10<
14:22:34 : S:>Q<
14:22:34 : R:>Q10<
14:22:34 : S:>Q<
14:22:34 : R:>Q10<
14:22:35 : S:>Q<
14:22:35 : R:>Q10,11<
14:22:35 : S:>L02<
14:22:35 : R:>Q10,11<
14:22:35 : S:>L02<
14:22:35 : R:>L02<
14:25:03 : 

14:25:03 : Application started.
14:25:03 : ----------------------------------------------------------------------
14:25:03 : Serial port opened.
14:25:06 : S:>Q<
14:25:06 : R:>R<
14:25:06 : S:>Q<
14:25:06 : R:>Q<

14:25:06 : S:>Q<
14:25:06 : R:>Q10<
14:25:06 : S:>Q<
14:25:06 : R:>Q10<
14:25:06 : S:>Q<
14:25:06 : R:>Q10<
14:25:06 : S:>Q<
14:25:06 : R:>Q10<
14:25:07 : S:>Q<
14:25:07 : R:>Q10<
14:25:07 : S:>Q<
14:25:07 : R:>Q10<
14:25:07 : S:>Q<
14:25:07 : R:>Q10<
14:25:07 : S:>Q<
14:25:07 : R:>Q10<
14:25:07 : S:>Q<
14:25:07 : R:>Q10<
14:25:07 : S:>Q<
14:25:07 : R:>Q10<
14:25:07 : S:>Q<
14:25:07 : R:>Q10<
14:25:07 : S:>Q<
14:25:07 : R:>Q10<
14:25:07 : S:>Q<
14:25:07 : R:>Q10<
14:25:07 : S:>Q<
14:25:07 : R:>Q10<
14:25:07 : S:>Q<
14:25:07 : R:>Q10<
14:25:07 : S:>Q<
14:25:07 : R:>Q10<
14:25:07 : S:>Q<
14:25:07 : R:>Q10<
14:25:07 : S:>Q<
14:25:07 : R:>Q10<
14:25:07 : S:>Q<
14:25:07 : R:>Q10<
14:25:07 : S:>Q<
14:25:07 : R:>Q10<
14:25:08 : S:>Q<
14:25:08 : R:>Q10<
14:25:08 : S:>Q<
14:25:08 : R:>Q10<
14:25:08 : S:>Q<
14:25:08 : R:>Q10<
14:25:08 : S:>Q<
14:25:08 : R:>Q10<
14:25:08 : S:>Q<
14:25:08 : R:>Q10<
14:25:08 : S:>Q<
14:25:08 : R:>Q10<
14:25:08 : S:>Q<
14:25:08 : R:>Q10<
14:25:08 : S:>Q<
14:25:08 : R:>Q10<
14:25:08 : S:>Q<
14:25:08 : R:>Q10<
14:25:08 : S:>Q<
14:25:08 : R:>Q10<
14:25:08 : S:>Q<
14:25:08 : R:>Q10<
14:25:08 : S:>Q<
14:25:08 : R:>Q10<
14:25:08 : S:>Q<
14:25:08 : R:>Q10<
14:25:08 : S:>Q<
14:25:08 : R:>Q10<
14:25:08 : S:>Q<
14:25:08 : R:>Q10<
14:25:08 : S:>Q<
14:25:08 : R:>Q10<
14:25:09 : S:>Q<
14:25:09 : R:>Q10<
14:25:09 : S:>Q<
14:25:09 : R:>Q10<
14:25:09 : S:>Q<
14:25:09 : R:>Q10<
14:25:09 : S:>Q<
14:25:09 : R:>Q10<
14:25:09 : S:>Q<
14:25:09 : R:>Q10<
14:25:09 : S:>Q<
14:25:09 : R:>Q10<
14:25:09 : S:>Q<
14:25:09 : R:>Q10<
14:25:09 : S:>Q<
14:25:09 : R:>Q10<
14:25:09 : S:>Q<
14:25:09 : R:>Q10<
14:25:09 : S:>Q<
14:25:09 : R:>Q10<
14:25:09 : S:>Q<
14:25:09 : R:>Q10<
14:25:09 : S:>Q<
14:25:09 : R:>Q10<
14:25:09 : S:>Q<
14:25:09 : R:>Q10<
14:25:09 : S:>Q<
14:25:09 : R:>Q10<
14:25:09 : S:>Q<
14:25:09 : R:>Q10<
14:25:09 : S:>Q<
14:25:09 : R:>Q10<
14:25:10 : S:>Q<
14:25:10 : R:>Q10<
14:25:10 : S:>Q<
14:25:10 : R:>Q10<
14:25:10 : S:>Q<
14:25:10 : R:>Q10<
14:25:10 : S:>Q<
14:25:10 : R:>Q10<
14:25:10 : S:>Q<
14:25:10 : R:>Q10<
14:25:10 : S:>Q<
14:25:10 : R:>Q10<
14:25:10 : S:>Q<
14:25:10 : R:>Q10<
14:25:10 : S:>Q<
14:25:10 : R:>Q10<
14:25:10 : S:>Q<
14:25:10 : R:>Q10<
14:25:10 : S:>Q<
14:25:10 : R:>Q10<
14:25:10 : S:>Q<
14:25:10 : R:>Q10<
14:25:10 : S:>Q<
14:25:10 : R:>Q10<
14:25:10 : S:>Q<
14:25:10 : R:>Q10<
14:25:10 : S:>Q<
14:25:10 : R:>Q10<
14:25:10 : S:>Q<
14:25:10 : R:>Q10<
14:25:10 : S:>Q<
14:25:10 : R:>Q10<
14:25:11 : S:>Q<
14:25:11 : R:>Q10<
14:25:11 : S:>Q<
14:25:11 : R:>Q10<
14:25:11 : S:>Q<
14:25:11 : R:>Q10<
14:25:11 : S:>Q<
14:25:11 : R:>Q10<
14:25:11 : S:>Q<
14:25:11 : R:>Q10<
14:25:11 : S:>Q<
14:25:11 : R:>Q10<
14:25:11 : S:>Q<
14:25:11 : R:>Q10<
14:25:11 : S:>Q<
14:25:11 : R:>Q10<
14:25:11 : S:>Q<
14:25:11 : R:>Q10<
14:25:11 : S:>Q<
14:25:11 : R:>Q10<
14:25:11 : S:>Q<
14:25:11 : R:>Q10,11<
14:25:11 : S:>L02<
14:25:11 : R:>Q10,11<
14:25:11 : S:>L02<
14:25:11 : R:>L02<
14:25:19 : S:>Q<
14:25:19 : R:>L02<
14:25:20 : S:>Q<
14:25:20 : R:>Q10<
14:25:20 : S:>Q<
14:25:20 : R:>Q10<
14:25:20 : S:>Q<
14:25:20 : R:>Q10<
14:25:20 : S:>Q<
14:25:20 : R:>Q10<
14:25:20 : S:>Q<
14:25:20 : R:>Q10<
14:25:20 : S:>Q<
14:25:20 : R:>Q10<
14:25:20 : S:>Q<
14:25:20 : R:>Q10<
14:25:20 : S:>Q<
14:25:20 : R:>Q10<
14:25:20 : S:>Q<
14:25:20 : R:>Q10<
14:25:20 : S:>Q<
14:25:20 : R:>Q10<
14:25:20 : S:>Q<
14:25:20 : R:>Q10<
14:25:20 : S:>Q<
14:25:20 : R:>Q10<
14:25:20 : S:>Q<
14:25:20 : R:>Q10<
14:25:20 : S:>Q<
14:25:20 : R:>Q10<
14:25:20 : S:>Q<
14:25:20 : R:>Q10<
14:25:20 : S:>Q<
14:25:20 : R:>Q10<
14:25:21 : S:>Q<
14:25:21 : R:>Q10<
14:25:21 : S:>Q<
14:25:21 : R:>Q10<
14:25:21 : S:>Q<
14:25:21 : R:>Q10<
14:25:21 : S:>Q<
14:25:21 : R:>Q10<
14:25:21 : S:>Q<
14:25:21 : R:>Q10<
14:25:21 : S:>Q<
14:25:21 : R:>Q10<
14:25:21 : S:>Q<
14:25:21 : R:>Q10<
14:25:21 : S:>Q<
14:25:21 : R:>Q10<
14:25:21 : S:>Q<
14:25:21 : R:>Q10<
14:25:21 : S:>Q<
14:25:21 : R:>Q10<
14:25:21 : S:>Q<
14:25:21 : R:>Q10<
14:25:21 : S:>Q<
14:25:21 : R:>Q10<
14:25:21 : S:>Q<
14:25:21 : R:>Q10<
14:25:21 : S:>Q<
14:25:21 : R:>Q10<
14:25:21 : S:>Q<
14:25:21 : R:>Q10<
14:25:21 : S:>Q<
14:25:21 : R:>Q10<
14:25:22 : S:>Q<
14:25:22 : R:>Q10<
14:25:22 : S:>Q<
14:25:22 : R:>Q10<
14:25:22 : S:>Q<
14:25:22 : R:>Q10<
14:25:22 : S:>Q<
14:25:22 : R:>Q10<
14:25:22 : S:>Q<
14:25:22 : R:>Q10<
14:25:22 : S:>Q<
14:25:22 : R:>Q10<
14:25:22 : S:>Q<
14:25:22 : R:>Q10<
14:25:22 : S:>Q<
14:25:22 : R:>Q10<
14:25:22 : S:>Q<
14:25:22 : R:>Q10<
14:25:22 : S:>Q<
14:25:22 : R:>Q10<
14:25:22 : S:>Q<
14:25:22 : R:>Q10<
14:25:22 : S:>Q<
14:25:22 : R:>Q10<
14:25:22 : S:>Q<
14:25:22 : R:>Q10<
14:25:22 : S:>Q<
14:25:22 : R:>Q10<
14:25:22 : S:>Q<
14:25:22 : R:>Q10<
14:25:22 : S:>Q<
14:25:22 : R:>Q10<
14:25:23 : S:>Q<
14:25:23 : R:>Q10<
14:25:23 : S:>Q<
14:25:23 : R:>Q10<
14:25:23 : S:>Q<
14:25:23 : R:>Q10<
14:25:23 : S:>Q<
14:25:23 : R:>Q10<
14:25:23 : S:>Q<
14:25:23 : R:>Q10<
14:25:23 : S:>Q<
14:25:23 : R:>Q10<
14:25:23 : S:>Q<
14:25:23 : R:>Q10<
14:25:23 : S:>Q<
14:25:23 : R:>Q10<
14:25:23 : S:>Q<
14:25:23 : R:>Q10<
14:25:23 : S:>Q<
14:25:23 : R:>Q10<
14:25:23 : S:>Q<
14:25:23 : R:>Q10<
14:25:23 : S:>Q<
14:25:23 : R:>Q10<
14:25:23 : S:>Q<
14:25:23 : R:>Q10<
14:25:23 : S:>Q<
14:25:23 : R:>Q10<
14:25:23 : S:>Q<
14:25:23 : R:>Q10<
14:25:23 : S:>Q<
14:25:23 : R:>Q10<
14:25:24 : S:>Q<
14:25:24 : R:>Q10<
14:25:24 : S:>Q<
14:25:24 : R:>Q10<
14:25:24 : S:>Q<
14:25:24 : R:>Q10<
14:25:24 : S:>Q<
14:25:24 : R:>Q10<
14:25:24 : S:>Q<
14:25:24 : R:>Q10<
14:25:24 : S:>Q<
14:25:24 : R:>Q10<
14:25:24 : S:>Q<
14:25:24 : R:>Q10<
14:25:24 : S:>Q<
14:25:24 : R:>Q10<
14:25:24 : S:>Q<
14:25:24 : R:>Q10<
14:25:24 : S:>Q<
14:25:24 : R:>Q10<
14:25:24 : S:>Q<
14:25:24 : R:>Q10<
14:25:24 : S:>Q<
14:25:24 : R:>Q10<
14:25:24 : S:>Q<
14:25:24 : R:>Q10<
14:25:24 : S:>Q<
14:25:24 : R:>Q10<
14:25:24 : S:>Q<
14:25:24 : R:>Q10<
14:25:24 : S:>Q<
14:25:24 : R:>Q10<
14:25:25 : S:>Q<
14:25:25 : R:>Q10<
14:25:25 : S:>Q<
14:25:25 : R:>Q10<
14:25:25 : S:>Q<
14:25:25 : R:>Q10<
14:25:25 : S:>Q<
14:25:25 : R:>Q10<
14:25:25 : S:>Q<
14:25:25 : R:>Q10,11<
14:25:25 : S:>L02<
14:25:25 : R:>Q10,11<
14:25:25 : S:>L02<
14:25:25 : R:>L02<
14:26:21 : 

14:26:21 : Application started.
14:26:21 : ----------------------------------------------------------------------
14:26:21 : Serial port opened.
14:26:33 : 

14:26:33 : Application started.
14:26:33 : ----------------------------------------------------------------------
14:26:33 : Serial port opened.
14:26:35 : S:>Q<
14:26:35 : R:>R<
14:26:35 : S:>Q<
14:26:35 : R:>Q<

14:26:35 : S:>Q<
14:26:35 : R:>Q10,11<
14:26:35 : S:>L02<
14:26:35 : R:>Q10,11<
14:26:35 : S:>L02<
14:26:35 : R:>L02<
14:26:52 : 

14:26:52 : Application started.
14:26:52 : ----------------------------------------------------------------------
14:26:52 : Serial port opened.
14:26:55 : S:>Q<
14:26:55 : R:>R<
14:26:56 : S:>Q<
14:26:56 : R:>Q10,11<
14:26:56 : S:>L02<
14:26:56 : R:>Q<

14:26:56 : S:>L02<
14:26:56 : R:>L02<
14:27:26 : 

14:27:26 : Application started.
14:27:26 : ----------------------------------------------------------------------
14:27:26 : Serial port opened.
14:27:28 : S:>Q<
14:27:28 : R:>R<
14:27:28 : S:>Q<
14:27:28 : R:>Q<

14:27:28 : S:>Q<
14:27:28 : R:>Q10,11<
14:27:28 : S:>L02<
14:27:28 : R:>Q10,11<
14:27:28 : S:>L02<
14:27:28 : R:>L02<
14:27:59 : 

14:27:59 : Application started.
14:27:59 : ----------------------------------------------------------------------
14:27:59 : Serial port opened.
14:28:01 : S:>T<
14:28:07 : R:>R<
14:28:07 : S:>T<
14:28:13 : R:>T<

14:28:13 : S:>Q<
14:28:13 : R:>T<
14:28:13 : S:>Q<
14:28:13 : R:>Q10,11<
14:28:13 : S:>L02<
14:28:13 : R:>Q10,11<
14:28:13 : S:>L02<
14:28:13 : R:>L02<
14:28:21 : S:>Q<
14:28:21 : R:>L02<
14:28:21 : S:>Q<
14:28:21 : R:>Q10<
14:28:21 : S:>Q<
14:28:21 : R:>Q<
10<
14:28:22 : S:>Q<
14:28:22 : R:>Q10<
14:28:22 : S:>Q<
14:28:22 : R:>Q10<
14:28:22 : S:>Q<
14:28:22 : R:>Q10<
14:28:22 : S:>Q<
14:28:22 : R:>Q10<
14:28:22 : S:>Q<
14:28:22 : R:>Q10<
14:28:22 : S:>Q<
14:28:22 : R:>Q10<
14:28:22 : S:>Q<
14:28:22 : R:>Q10<
14:28:22 : S:>Q<
14:28:22 : R:>Q10<
14:28:22 : S:>Q<
14:28:22 : R:>Q10<
14:28:22 : S:>Q<
14:28:22 : R:>Q10<
14:28:22 : S:>Q<
14:28:22 : R:>Q10<
14:28:22 : S:>Q<
14:28:22 : R:>Q10<
14:28:22 : S:>Q<
14:28:22 : R:>Q10<
14:28:22 : S:>Q<
14:28:22 : R:>Q10<
14:28:22 : S:>Q<
14:28:22 : R:>Q10<
14:28:22 : S:>Q<
14:28:22 : R:>Q10<
14:28:23 : S:>Q<
14:28:23 : R:>Q10<
14:28:23 : S:>Q<
14:28:23 : R:>Q10<
14:28:23 : S:>Q<
14:28:23 : R:>Q10<
14:28:23 : S:>Q<
14:28:23 : R:>Q10<
14:28:23 : S:>Q<
14:28:23 : R:>Q10<
14:28:23 : S:>Q<
14:28:23 : R:>Q10<
14:28:23 : S:>Q<
14:28:23 : R:>Q10<
14:28:23 : S:>Q<
14:28:23 : R:>Q10<
14:28:23 : S:>Q<
14:28:23 : R:>Q10<
14:28:23 : S:>Q<
14:28:23 : R:>Q10<
14:28:23 : S:>Q<
14:28:23 : R:>Q10<
14:28:23 : S:>Q<
14:28:23 : R:>Q10<
14:28:23 : S:>Q<
14:28:23 : R:>Q10<
14:28:23 : S:>Q<
14:28:23 : R:>Q10<
14:28:23 : S:>Q<
14:28:23 : R:>Q10<
14:28:23 : S:>Q<
14:28:23 : R:>Q10<
14:28:24 : S:>Q<
14:28:24 : R:>Q10<
14:28:24 : S:>Q<
14:28:24 : R:>Q10<
14:28:24 : S:>Q<
14:28:24 : R:>Q10<
14:28:24 : S:>Q<
14:28:24 : R:>Q10<
14:28:24 : S:>Q<
14:28:24 : R:>Q10<
14:28:24 : S:>Q<
14:28:24 : R:>Q10<
14:28:24 : S:>Q<
14:28:24 : R:>Q10<
14:28:24 : S:>Q<
14:28:24 : R:>Q10<
14:28:24 : S:>Q<
14:28:24 : R:>Q10<
14:28:24 : S:>Q<
14:28:24 : R:>Q10<
14:28:24 : S:>Q<
14:28:24 : R:>Q10<
14:28:24 : S:>Q<
14:28:24 : R:>Q10<
14:28:24 : S:>Q<
14:28:24 : R:>Q10<
14:28:24 : S:>Q<
14:28:24 : R:>Q10<
14:28:24 : S:>Q<
14:28:24 : R:>Q10<
14:28:24 : S:>Q<
14:28:24 : R:>Q10<
14:28:25 : S:>Q<
14:28:25 : R:>Q10<
14:28:25 : S:>Q<
14:28:25 : R:>Q10<
14:28:25 : S:>Q<
14:28:25 : R:>Q10<
14:28:25 : S:>Q<
14:28:25 : R:>Q10<
14:28:25 : S:>Q<
14:28:25 : R:>Q10<
14:28:25 : S:>Q<
14:28:25 : R:>Q10<
14:28:25 : S:>Q<
14:28:25 : R:>Q10<
14:28:25 : S:>Q<
14:28:25 : R:>Q10<
14:28:25 : S:>Q<
14:28:25 : R:>Q10<
14:28:25 : S:>Q<
14:28:25 : R:>Q10<
14:28:25 : S:>Q<
14:28:25 : R:>Q10<
14:28:25 : S:>Q<
14:28:25 : R:>Q10<
14:28:25 : S:>Q<
14:28:25 : R:>Q10<
14:28:25 : S:>Q<
14:28:25 : R:>Q10<
14:28:25 : S:>Q<
14:28:25 : R:>Q10<
14:28:25 : S:>Q<
14:28:25 : R:>Q10<
14:28:26 : S:>Q<
14:28:26 : R:>Q10<
14:28:26 : S:>Q<
14:28:26 : R:>Q10<
14:28:26 : S:>Q<
14:28:26 : R:>Q10<
14:28:26 : S:>Q<
14:28:26 : R:>Q10<
14:28:26 : S:>Q<
14:28:26 : R:>Q10<
14:28:26 : S:>Q<
14:28:26 : R:>Q10<
14:28:26 : S:>Q<
14:28:26 : R:>Q10<
14:28:26 : S:>Q<
14:28:26 : R:>Q10<
14:28:26 : S:>Q<
14:28:26 : R:>Q10<
14:28:56 : 

14:28:56 : Application started.
14:28:56 : ----------------------------------------------------------------------
14:28:56 : Serial port opened.
14:29:00 : S:>T<
14:29:00 : R:>R<
14:29:00 : S:>T<
14:29:00 : R:>T<
14:29:00 : S:>Q<
14:29:00 : R:>T<
14:29:00 : S:>Q<
14:29:00 : R:>Q<

14:29:00 : S:>Q<
14:29:00 : R:>Q10<
14:29:00 : S:>Q<
14:29:00 : R:>Q10<
14:29:00 : S:>Q<
14:29:00 : R:>Q10<
14:29:00 : S:>Q<
14:29:00 : R:>Q10<
14:29:00 : S:>Q<
14:29:00 : R:>Q10<
14:29:00 : S:>Q<
14:29:00 : R:>Q10<
14:29:00 : S:>Q<
14:29:00 : R:>Q10<
14:29:00 : S:>Q<
14:29:01 : R:>Q10<
14:29:01 : S:>Q<
14:29:01 : R:>Q10<
14:29:01 : S:>Q<
14:29:01 : R:>Q10<
14:29:01 : S:>Q<
14:29:01 : R:>Q10<
14:29:01 : S:>Q<
14:29:01 : R:>Q10<
14:29:01 : S:>Q<
14:29:01 : R:>Q10<
14:29:01 : S:>Q<
14:29:01 : R:>Q10<
14:29:01 : S:>Q<
14:29:01 : R:>Q10<
14:29:01 : S:>Q<
14:29:01 : R:>Q10<
14:29:01 : S:>Q<
14:29:01 : R:>Q10<
14:29:01 : S:>Q<
14:29:01 : R:>Q10<
14:29:01 : S:>Q<
14:29:01 : R:>Q10<
14:29:01 : S:>Q<
14:29:01 : R:>Q10<
14:29:01 : S:>Q<
14:29:01 : R:>Q10<
14:29:01 : S:>Q<
14:29:01 : R:>Q10<
14:29:01 : S:>Q<
14:29:01 : R:>Q10<
14:29:01 : S:>Q<
14:29:01 : R:>Q10<
14:29:02 : S:>Q<
14:29:02 : R:>Q10<
14:29:02 : S:>Q<
14:29:02 : R:>Q10<
14:29:02 : S:>Q<
14:29:02 : R:>Q10<
14:29:02 : S:>Q<
14:29:02 : R:>Q10<
14:29:02 : S:>Q<
14:29:02 : R:>Q10<
14:29:02 : S:>Q<
14:29:02 : R:>Q10<
14:29:02 : S:>Q<
14:29:02 : R:>Q10<
14:29:02 : S:>Q<
14:29:02 : R:>Q10<
14:29:02 : S:>Q<
14:29:02 : R:>Q10<
14:29:02 : S:>Q<
14:29:02 : R:>Q10<
14:29:02 : S:>Q<
14:29:02 : R:>Q10<
14:29:02 : S:>Q<
14:29:02 : R:>Q10<
14:29:02 : S:>Q<
14:29:02 : R:>Q10<
14:29:02 : S:>Q<
14:29:02 : R:>Q10<
14:29:02 : S:>Q<
14:29:02 : R:>Q10<
14:29:02 : S:>Q<
14:29:02 : R:>Q10<
14:29:03 : S:>Q<
14:29:03 : R:>Q10<
14:29:03 : S:>Q<
14:29:03 : R:>Q10<
14:29:03 : S:>Q<
14:29:03 : R:>Q10<
14:29:03 : S:>Q<
14:29:03 : R:>Q10<
14:29:03 : S:>Q<
14:29:03 : R:>Q10<
14:29:03 : S:>Q<
14:29:03 : R:>Q10<
14:29:03 : S:>Q<
14:29:03 : R:>Q10<
14:29:03 : S:>Q<
14:29:03 : R:>Q10<
14:29:03 : S:>Q<
14:29:03 : R:>Q10<
14:29:03 : S:>Q<
14:29:03 : R:>Q10<
14:29:03 : S:>Q<
14:29:03 : R:>Q10<
14:29:03 : S:>Q<
14:29:03 : R:>Q10<
14:29:03 : S:>Q<
14:29:03 : R:>Q10<
14:29:03 : S:>Q<
14:29:03 : R:>Q10,11<
14:29:03 : S:>L02<
14:29:03 : R:>Q10,11<
14:29:03 : S:>L02<
14:29:03 : R:>L02<
14:29:11 : S:>T<
14:29:11 : R:>L02<
14:29:11 : S:>T<
14:29:11 : R:>T<
14:29:11 : S:>Q<
14:29:11 : R:>T<
14:29:11 : S:>Q<
14:29:11 : R:>Q10<
14:29:11 : S:>Q<
14:29:11 : R:>Q10<
14:29:11 : S:>Q<
14:29:11 : R:>Q10<
14:29:11 : S:>Q<
14:29:11 : R:>Q10<
14:29:11 : S:>Q<
14:29:11 : R:>Q10<
14:29:11 : S:>Q<
14:29:11 : R:>Q10<
14:29:11 : S:>Q<
14:29:11 : R:>Q10<
14:29:12 : S:>Q<
14:29:12 : R:>Q10<
14:29:12 : S:>Q<
14:29:12 : R:>Q10<
14:29:12 : S:>Q<
14:29:12 : R:>Q10<
14:29:12 : S:>Q<
14:29:12 : R:>Q10<
14:29:12 : S:>Q<
14:29:12 : R:>Q10<
14:29:12 : S:>Q<
14:29:12 : R:>Q10<
14:29:12 : S:>Q<
14:29:12 : R:>Q10<
14:29:12 : S:>Q<
14:29:12 : R:>Q10<
14:29:12 : S:>Q<
14:29:12 : R:>Q10<
14:29:12 : S:>Q<
14:29:12 : R:>Q10<
14:29:12 : S:>Q<
14:29:12 : R:>Q10<
14:29:12 : S:>Q<
14:29:12 : R:>Q10<
14:29:12 : S:>Q<
14:29:12 : R:>Q10<
14:29:12 : S:>Q<
14:29:12 : R:>Q10<
14:29:12 : S:>Q<
14:29:12 : R:>Q10<
14:29:12 : S:>Q<
14:29:12 : R:>Q10<
14:29:13 : S:>Q<
14:29:13 : R:>Q10<
14:29:13 : S:>Q<
14:29:13 : R:>Q10<
14:29:13 : S:>Q<
14:29:13 : R:>Q10<
14:29:13 : S:>Q<
14:29:13 : R:>Q10<
14:29:13 : S:>Q<
14:29:13 : R:>Q10<
14:29:13 : S:>Q<
14:29:13 : R:>Q10<
14:29:13 : S:>Q<
14:29:13 : R:>Q10<
14:29:13 : S:>Q<
14:29:13 : R:>Q10<
14:29:13 : S:>Q<
14:29:13 : R:>Q10<
14:29:13 : S:>Q<
14:29:13 : R:>Q10<
14:29:13 : S:>Q<
14:29:13 : R:>Q10<
14:29:13 : S:>Q<
14:29:13 : R:>Q10<
14:29:13 : S:>Q<
14:29:13 : R:>Q10<
14:29:13 : S:>Q<
14:29:13 : R:>Q10<
14:29:13 : S:>Q<
14:29:13 : R:>Q10<
14:29:13 : S:>Q<
14:29:13 : R:>Q10<
14:29:14 : S:>Q<
14:29:14 : R:>Q10<
14:29:14 : S:>Q<
14:29:14 : R:>Q10<
14:29:14 : S:>Q<
14:29:14 : R:>Q10<
14:29:14 : S:>Q<
14:29:14 : R:>Q10<
14:29:14 : S:>Q<
14:29:14 : R:>Q10<
14:29:14 : S:>Q<
14:29:14 : R:>Q10<
14:29:14 : S:>Q<
14:29:14 : R:>Q10<
14:29:14 : S:>Q<
14:29:14 : R:>Q10<
14:29:14 : S:>Q<
14:29:14 : R:>Q10<
14:29:14 : S:>Q<
14:29:14 : R:>Q10<
14:29:14 : S:>Q<
14:29:14 : R:>Q10,11<
14:29:14 : S:>L02<
14:29:14 : R:>Q10,11<
14:29:14 : S:>L02<
14:29:14 : R:>L02<
16:02:07 : 

16:02:07 : Application started.
16:02:07 : ----------------------------------------------------------------------
16:02:07 : Serial port opened.
16:02:30 : S:>T<
16:02:30 : R:>R<
16:02:30 : S:>T<
16:02:30 : R:>T<
16:02:30 : S:>Q<
16:02:30 : R:>T<
16:02:30 : S:>Q<
16:02:30 : R:>Q10,11,12,13<
16:02:30 : S:>L02<
16:02:30 : R:>Q10,11,12,13<
16:02:30 : S:>L02<
16:02:30 : R:>L02<
16:31:23 : 

16:31:23 : Application started.
16:31:23 : ----------------------------------------------------------------------
16:31:23 : Serial port opened.
16:31:27 : S:>T<
16:31:27 : R:>R<
16:31:27 : S:>T<
16:31:27 : R:>T<

16:31:27 : S:>Q<
16:31:27 : R:>T<
16:31:27 : S:>Q<
16:31:27 : R:>Q<
16:31:27 : S:>Q<
16:31:27 : R:>Q<
16:31:27 : S:>Q<
16:31:27 : R:>Q<
16:31:27 : S:>Q<
16:31:27 : R:>Q<
16:31:27 : S:>Q<
16:31:27 : R:>Q<
16:31:27 : S:>Q<
16:31:27 : R:>Q<
16:31:27 : S:>Q<
16:31:27 : R:>Q<
16:31:27 : S:>Q<
16:31:27 : R:>Q<
16:31:27 : S:>Q<
16:31:27 : R:>Q<
16:31:28 : S:>Q<
16:31:28 : R:>Q<
16:31:28 : S:>Q<
16:31:28 : R:>Q<
16:31:28 : S:>Q<
16:31:28 : R:>Q<
16:31:28 : S:>Q<
16:31:28 : R:>Q<
16:31:28 : S:>Q<
16:31:28 : R:>Q<
16:31:28 : S:>Q<
16:31:28 : R:>Q<
16:31:28 : S:>Q<
16:31:28 : R:>Q<
16:31:28 : S:>Q<
16:31:28 : R:>Q<
16:31:28 : S:>Q<
16:31:28 : R:>Q<
16:31:28 : S:>Q<
16:31:28 : R:>Q<
16:31:28 : S:>Q<
16:31:28 : R:>Q<
16:31:28 : S:>Q<
16:31:28 : R:>Q<
16:31:28 : S:>Q<
16:31:28 : R:>Q<
16:31:28 : S:>Q<
16:31:28 : R:>Q<
16:31:28 : S:>Q<
16:31:28 : R:>Q<
16:31:28 : S:>Q<
16:31:28 : R:>Q<
16:31:29 : S:>Q<
16:31:29 : R:>Q<
16:31:29 : S:>Q<
16:31:29 : R:>Q<
16:31:29 : S:>Q<
16:31:29 : R:>Q<
16:31:29 : S:>Q<
16:31:29 : R:>Q<
16:31:29 : S:>Q<
16:31:29 : R:>Q<
16:31:29 : S:>Q<
16:31:29 : R:>Q<
16:31:29 : S:>Q<
16:31:29 : R:>Q<
16:31:29 : S:>Q<
16:31:29 : R:>Q<
16:31:29 : S:>Q<
16:31:29 : R:>Q<
16:31:29 : S:>Q<
16:31:29 : R:>Q<
16:31:29 : S:>Q<
16:31:29 : R:>Q<
16:31:29 : S:>Q<
16:31:29 : R:>Q<
16:31:29 : S:>Q<
16:31:29 : R:>Q<
16:31:29 : S:>Q<
16:31:29 : R:>Q<
16:31:29 : S:>Q<
16:31:29 : R:>Q<
16:31:29 : S:>Q<
16:31:29 : R:>Q<
16:31:30 : S:>Q<
16:31:30 : R:>Q<
16:31:30 : S:>Q<
16:31:30 : R:>Q<
16:31:30 : S:>Q<
16:31:30 : R:>Q<
16:31:30 : S:>Q<
16:31:30 : R:>Q<
16:31:30 : S:>Q<
16:31:30 : R:>Q<
16:31:30 : S:>Q<
16:31:30 : R:>Q<
16:31:30 : S:>Q<
16:31:30 : R:>Q10<
16:31:30 : S:>Q<
16:31:30 : R:>Q<
16:31:30 : S:>Q<
16:31:30 : R:>Q<
16:31:30 : S:>Q<
16:31:30 : R:>Q<
16:31:30 : S:>Q<
16:31:30 : R:>Q<
16:31:30 : S:>Q<
16:31:30 : R:>Q<
16:31:30 : S:>Q<
16:31:30 : R:>Q10<
16:31:30 : S:>Q<
16:31:30 : R:>Q10<
16:31:30 : S:>Q<
16:31:30 : R:>Q10,11<
16:31:30 : S:>L02<
16:31:30 : R:>Q10,11<
16:31:31 : S:>L02<
16:31:31 : R:>L02<
16:31:31 : S:>Q<
16:31:31 : R:>L02<
16:31:31 : S:>Q<
16:31:31 : R:>Q10,11<
16:31:31 : S:>Q<
16:31:31 : R:>Q10,11<
16:31:31 : S:>Q<
16:31:31 : R:>Q10,11<
16:31:31 : S:>Q<
16:31:31 : R:>Q10,11<
16:31:31 : S:>Q<
16:31:31 : R:>Q10,11<
16:31:31 : S:>Q<
16:31:31 : R:>Q10,11<
16:31:31 : S:>Q<
16:31:31 : R:>Q10,11<
16:31:31 : S:>Q<
16:31:31 : R:>Q10,11<
16:31:31 : S:>Q<
16:31:31 : R:>Q10,11<
16:31:31 : S:>Q<
16:31:31 : R:>Q10,11<
16:31:31 : S:>Q<
16:31:31 : R:>Q10,11<
16:31:31 : S:>Q<
16:31:31 : R:>Q10,11<
16:31:31 : S:>Q<
16:31:31 : R:>Q10,11<
16:31:31 : S:>Q<
16:31:31 : R:>Q10,11<
16:31:32 : S:>Q<
16:31:32 : R:>Q10,11<
16:31:32 : S:>Q<
16:31:32 : R:>Q10,11<
16:31:32 : S:>Q<
16:31:32 : R:>Q10,11<
16:31:32 : S:>Q<
16:31:32 : R:>Q10,11<
16:31:32 : S:>Q<
16:31:32 : R:>Q10,11<
16:31:32 : S:>Q<
16:31:32 : R:>Q10,11<
16:31:32 : S:>Q<
16:31:32 : R:>Q10,11<
16:31:32 : S:>Q<
16:31:32 : R:>Q10,11<
16:31:32 : S:>Q<
16:31:32 : R:>Q10,11<
16:31:32 : S:>Q<
16:31:32 : R:>Q10,11<
16:31:32 : S:>Q<
16:31:32 : R:>Q10,11<
16:31:32 : S:>Q<
16:31:32 : R:>Q10,11<
16:31:32 : S:>Q<
16:31:32 : R:>Q10,11<
16:31:32 : S:>Q<
16:31:32 : R:>Q10,11<
16:31:32 : S:>Q<
16:31:32 : R:>Q10,11<
16:31:32 : S:>Q<
16:31:32 : R:>Q10,11<
16:31:33 : S:>Q<
16:31:33 : R:>Q10,11<
16:31:33 : S:>Q<
16:31:33 : R:>Q10,11<
16:31:33 : S:>Q<
16:31:33 : R:>Q10,11<
16:31:33 : S:>Q<
16:31:33 : R:>Q10,11<
16:31:33 : S:>Q<
16:31:33 : R:>Q10,11<
16:31:33 : S:>Q<
16:31:33 : R:>Q10,11<
16:31:33 : S:>Q<
16:31:33 : R:>Q10,11<
16:31:33 : S:>Q<
16:31:33 : R:>Q10,11,12<
16:31:33 : S:>L03<
16:31:33 : R:>Q10,11,12<
16:31:33 : S:>L03<
16:31:33 : R:>L03<
